[2019-01-15T14:21:24,889][INFO ][o.e.e.NodeEnvironment    ] [dNuwIsj] using [1] data paths, mounts [[/ (/dev/sda1)]], net usable_space [8.1gb], net total_space [19.5gb], types [ext4]
[2019-01-15T14:21:25,071][INFO ][o.e.e.NodeEnvironment    ] [dNuwIsj] heap size [247.5mb], compressed ordinary object pointers [true]
[2019-01-15T14:21:25,773][INFO ][o.e.n.Node               ] [dNuwIsj] node name derived from node ID [dNuwIsjcR3a5J7gloNPKbg]; set [node.name] to override
[2019-01-15T14:21:25,774][INFO ][o.e.n.Node               ] [dNuwIsj] version[6.5.4], pid[6362], build[default/tar/d2ef93d/2018-12-17T21:17:40.758843Z], OS[Linux/4.15.0-43-generic/amd64], JVM[Oracle Corporation/OpenJDK 64-Bit Server VM/10.0.2/10.0.2+13-Ubuntu-1ubuntu0.18.04.4]
[2019-01-15T14:21:25,775][INFO ][o.e.n.Node               ] [dNuwIsj] JVM arguments [-Xms256m, -Xmx256m, -XX:+UseConcMarkSweepGC, -XX:CMSInitiatingOccupancyFraction=75, -XX:+UseCMSInitiatingOccupancyOnly, -XX:+AlwaysPreTouch, -Xss1m, -Djava.awt.headless=true, -Dfile.encoding=UTF-8, -Djna.nosys=true, -XX:-OmitStackTraceInFastThrow, -Dio.netty.noUnsafe=true, -Dio.netty.noKeySetOptimization=true, -Dio.netty.recycler.maxCapacityPerThread=0, -Dlog4j.shutdownHookEnabled=false, -Dlog4j2.disable.jmx=true, -Djava.io.tmpdir=/tmp/elasticsearch.UqnzBBzA, -XX:+HeapDumpOnOutOfMemoryError, -XX:HeapDumpPath=data, -XX:ErrorFile=logs/hs_err_pid%p.log, -Xlog:gc*,gc+age=trace,safepoint:file=logs/gc.log:utctime,pid,tags:filecount=32,filesize=64m, -Djava.locale.providers=COMPAT, -XX:UseAVX=2, -Des.path.home=/home/helen/github/Icarus/elasticsearch-6.5.4, -Des.path.conf=/home/helen/github/Icarus/elasticsearch-6.5.4/config, -Des.distribution.flavor=default, -Des.distribution.type=tar]
[2019-01-15T14:23:39,100][INFO ][o.e.p.PluginsService     ] [dNuwIsj] loaded module [aggs-matrix-stats]
[2019-01-15T14:23:39,116][INFO ][o.e.p.PluginsService     ] [dNuwIsj] loaded module [analysis-common]
[2019-01-15T14:23:39,116][INFO ][o.e.p.PluginsService     ] [dNuwIsj] loaded module [ingest-common]
[2019-01-15T14:23:39,116][INFO ][o.e.p.PluginsService     ] [dNuwIsj] loaded module [lang-expression]
[2019-01-15T14:23:39,117][INFO ][o.e.p.PluginsService     ] [dNuwIsj] loaded module [lang-mustache]
[2019-01-15T14:23:39,153][INFO ][o.e.p.PluginsService     ] [dNuwIsj] loaded module [lang-painless]
[2019-01-15T14:23:39,160][INFO ][o.e.p.PluginsService     ] [dNuwIsj] loaded module [mapper-extras]
[2019-01-15T14:23:39,161][INFO ][o.e.p.PluginsService     ] [dNuwIsj] loaded module [parent-join]
[2019-01-15T14:23:39,162][INFO ][o.e.p.PluginsService     ] [dNuwIsj] loaded module [percolator]
[2019-01-15T14:23:39,162][INFO ][o.e.p.PluginsService     ] [dNuwIsj] loaded module [rank-eval]
[2019-01-15T14:23:39,163][INFO ][o.e.p.PluginsService     ] [dNuwIsj] loaded module [reindex]
[2019-01-15T14:23:39,164][INFO ][o.e.p.PluginsService     ] [dNuwIsj] loaded module [repository-url]
[2019-01-15T14:23:39,165][INFO ][o.e.p.PluginsService     ] [dNuwIsj] loaded module [transport-netty4]
[2019-01-15T14:23:39,166][INFO ][o.e.p.PluginsService     ] [dNuwIsj] loaded module [tribe]
[2019-01-15T14:23:39,167][INFO ][o.e.p.PluginsService     ] [dNuwIsj] loaded module [x-pack-ccr]
[2019-01-15T14:23:39,168][INFO ][o.e.p.PluginsService     ] [dNuwIsj] loaded module [x-pack-core]
[2019-01-15T14:23:39,168][INFO ][o.e.p.PluginsService     ] [dNuwIsj] loaded module [x-pack-deprecation]
[2019-01-15T14:23:39,169][INFO ][o.e.p.PluginsService     ] [dNuwIsj] loaded module [x-pack-graph]
[2019-01-15T14:23:39,170][INFO ][o.e.p.PluginsService     ] [dNuwIsj] loaded module [x-pack-logstash]
[2019-01-15T14:23:39,175][INFO ][o.e.p.PluginsService     ] [dNuwIsj] loaded module [x-pack-ml]
[2019-01-15T14:23:39,175][INFO ][o.e.p.PluginsService     ] [dNuwIsj] loaded module [x-pack-monitoring]
[2019-01-15T14:23:39,177][INFO ][o.e.p.PluginsService     ] [dNuwIsj] loaded module [x-pack-rollup]
[2019-01-15T14:23:39,177][INFO ][o.e.p.PluginsService     ] [dNuwIsj] loaded module [x-pack-security]
[2019-01-15T14:23:39,177][INFO ][o.e.p.PluginsService     ] [dNuwIsj] loaded module [x-pack-sql]
[2019-01-15T14:23:39,179][INFO ][o.e.p.PluginsService     ] [dNuwIsj] loaded module [x-pack-upgrade]
[2019-01-15T14:23:39,179][INFO ][o.e.p.PluginsService     ] [dNuwIsj] loaded module [x-pack-watcher]
[2019-01-15T14:23:39,317][INFO ][o.e.p.PluginsService     ] [dNuwIsj] loaded plugin [analysis-ik]
[2019-01-15T14:24:41,155][INFO ][o.e.e.NodeEnvironment    ] [dNuwIsj] using [1] data paths, mounts [[/ (/dev/sda1)]], net usable_space [8.1gb], net total_space [19.5gb], types [ext4]
[2019-01-15T14:24:41,161][INFO ][o.e.e.NodeEnvironment    ] [dNuwIsj] heap size [247.5mb], compressed ordinary object pointers [true]
[2019-01-15T14:24:41,204][INFO ][o.e.n.Node               ] [dNuwIsj] node name derived from node ID [dNuwIsjcR3a5J7gloNPKbg]; set [node.name] to override
[2019-01-15T14:24:41,204][INFO ][o.e.n.Node               ] [dNuwIsj] version[6.5.4], pid[6505], build[default/tar/d2ef93d/2018-12-17T21:17:40.758843Z], OS[Linux/4.15.0-43-generic/amd64], JVM[Oracle Corporation/OpenJDK 64-Bit Server VM/10.0.2/10.0.2+13-Ubuntu-1ubuntu0.18.04.4]
[2019-01-15T14:24:41,205][INFO ][o.e.n.Node               ] [dNuwIsj] JVM arguments [-Xms256m, -Xmx256m, -XX:+UseConcMarkSweepGC, -XX:CMSInitiatingOccupancyFraction=75, -XX:+UseCMSInitiatingOccupancyOnly, -XX:+AlwaysPreTouch, -Xss1m, -Djava.awt.headless=true, -Dfile.encoding=UTF-8, -Djna.nosys=true, -XX:-OmitStackTraceInFastThrow, -Dio.netty.noUnsafe=true, -Dio.netty.noKeySetOptimization=true, -Dio.netty.recycler.maxCapacityPerThread=0, -Dlog4j.shutdownHookEnabled=false, -Dlog4j2.disable.jmx=true, -Djava.io.tmpdir=/tmp/elasticsearch.ImgrNMYf, -XX:+HeapDumpOnOutOfMemoryError, -XX:HeapDumpPath=data, -XX:ErrorFile=logs/hs_err_pid%p.log, -Xlog:gc*,gc+age=trace,safepoint:file=logs/gc.log:utctime,pid,tags:filecount=32,filesize=64m, -Djava.locale.providers=COMPAT, -XX:UseAVX=2, -Des.path.home=/home/helen/github/Icarus/elasticsearch-6.5.4, -Des.path.conf=/home/helen/github/Icarus/elasticsearch-6.5.4/config, -Des.distribution.flavor=default, -Des.distribution.type=tar]
[2019-01-15T14:24:43,321][INFO ][o.e.p.PluginsService     ] [dNuwIsj] loaded module [aggs-matrix-stats]
[2019-01-15T14:24:43,322][INFO ][o.e.p.PluginsService     ] [dNuwIsj] loaded module [analysis-common]
[2019-01-15T14:24:43,322][INFO ][o.e.p.PluginsService     ] [dNuwIsj] loaded module [ingest-common]
[2019-01-15T14:24:43,322][INFO ][o.e.p.PluginsService     ] [dNuwIsj] loaded module [lang-expression]
[2019-01-15T14:24:43,322][INFO ][o.e.p.PluginsService     ] [dNuwIsj] loaded module [lang-mustache]
[2019-01-15T14:24:43,324][INFO ][o.e.p.PluginsService     ] [dNuwIsj] loaded module [lang-painless]
[2019-01-15T14:24:43,325][INFO ][o.e.p.PluginsService     ] [dNuwIsj] loaded module [mapper-extras]
[2019-01-15T14:24:43,325][INFO ][o.e.p.PluginsService     ] [dNuwIsj] loaded module [parent-join]
[2019-01-15T14:24:43,326][INFO ][o.e.p.PluginsService     ] [dNuwIsj] loaded module [percolator]
[2019-01-15T14:24:43,331][INFO ][o.e.p.PluginsService     ] [dNuwIsj] loaded module [rank-eval]
[2019-01-15T14:24:43,331][INFO ][o.e.p.PluginsService     ] [dNuwIsj] loaded module [reindex]
[2019-01-15T14:24:43,332][INFO ][o.e.p.PluginsService     ] [dNuwIsj] loaded module [repository-url]
[2019-01-15T14:24:43,332][INFO ][o.e.p.PluginsService     ] [dNuwIsj] loaded module [transport-netty4]
[2019-01-15T14:24:43,334][INFO ][o.e.p.PluginsService     ] [dNuwIsj] loaded module [tribe]
[2019-01-15T14:24:43,334][INFO ][o.e.p.PluginsService     ] [dNuwIsj] loaded module [x-pack-ccr]
[2019-01-15T14:24:43,334][INFO ][o.e.p.PluginsService     ] [dNuwIsj] loaded module [x-pack-core]
[2019-01-15T14:24:43,334][INFO ][o.e.p.PluginsService     ] [dNuwIsj] loaded module [x-pack-deprecation]
[2019-01-15T14:24:43,335][INFO ][o.e.p.PluginsService     ] [dNuwIsj] loaded module [x-pack-graph]
[2019-01-15T14:24:43,335][INFO ][o.e.p.PluginsService     ] [dNuwIsj] loaded module [x-pack-logstash]
[2019-01-15T14:24:43,335][INFO ][o.e.p.PluginsService     ] [dNuwIsj] loaded module [x-pack-ml]
[2019-01-15T14:24:43,336][INFO ][o.e.p.PluginsService     ] [dNuwIsj] loaded module [x-pack-monitoring]
[2019-01-15T14:24:43,336][INFO ][o.e.p.PluginsService     ] [dNuwIsj] loaded module [x-pack-rollup]
[2019-01-15T14:24:43,336][INFO ][o.e.p.PluginsService     ] [dNuwIsj] loaded module [x-pack-security]
[2019-01-15T14:24:43,337][INFO ][o.e.p.PluginsService     ] [dNuwIsj] loaded module [x-pack-sql]
[2019-01-15T14:24:43,338][INFO ][o.e.p.PluginsService     ] [dNuwIsj] loaded module [x-pack-upgrade]
[2019-01-15T14:24:43,339][INFO ][o.e.p.PluginsService     ] [dNuwIsj] loaded module [x-pack-watcher]
[2019-01-15T14:24:43,339][INFO ][o.e.p.PluginsService     ] [dNuwIsj] loaded plugin [analysis-ik]
[2019-01-15T14:24:48,162][INFO ][o.e.x.s.a.s.FileRolesStore] [dNuwIsj] parsed [0] roles from file [/home/helen/github/Icarus/elasticsearch-6.5.4/config/roles.yml]
[2019-01-15T14:24:49,081][INFO ][o.e.x.m.j.p.l.CppLogMessageHandler] [dNuwIsj] [controller/6576] [Main.cc@109] controller (64 bit): Version 6.5.4 (Build b616085ef32393) Copyright (c) 2018 Elasticsearch BV
[2019-01-15T14:24:50,107][DEBUG][o.e.a.ActionModule       ] [dNuwIsj] Using REST wrapper from plugin org.elasticsearch.xpack.security.Security
[2019-01-15T14:24:50,830][INFO ][o.e.d.DiscoveryModule    ] [dNuwIsj] using discovery type [zen] and host providers [settings]
[2019-01-15T14:24:53,959][INFO ][o.e.n.Node               ] [dNuwIsj] initialized
[2019-01-15T14:24:53,965][INFO ][o.e.n.Node               ] [dNuwIsj] starting ...
[2019-01-15T14:42:05,891][INFO ][o.e.e.NodeEnvironment    ] [dNuwIsj] using [1] data paths, mounts [[/ (/dev/sda1)]], net usable_space [8.4gb], net total_space [19.5gb], types [ext4]
[2019-01-15T14:42:05,911][INFO ][o.e.e.NodeEnvironment    ] [dNuwIsj] heap size [1007.3mb], compressed ordinary object pointers [true]
[2019-01-15T14:42:06,167][INFO ][o.e.n.Node               ] [dNuwIsj] node name derived from node ID [dNuwIsjcR3a5J7gloNPKbg]; set [node.name] to override
[2019-01-15T14:42:06,169][INFO ][o.e.n.Node               ] [dNuwIsj] version[6.5.4], pid[2627], build[default/tar/d2ef93d/2018-12-17T21:17:40.758843Z], OS[Linux/4.15.0-43-generic/amd64], JVM[Oracle Corporation/OpenJDK 64-Bit Server VM/10.0.2/10.0.2+13-Ubuntu-1ubuntu0.18.04.4]
[2019-01-15T14:42:06,170][INFO ][o.e.n.Node               ] [dNuwIsj] JVM arguments [-Xms256m, -Xmx256m, -XX:+UseConcMarkSweepGC, -XX:CMSInitiatingOccupancyFraction=75, -XX:+UseCMSInitiatingOccupancyOnly, -XX:+AlwaysPreTouch, -Xss1m, -Djava.awt.headless=true, -Dfile.encoding=UTF-8, -Djna.nosys=true, -XX:-OmitStackTraceInFastThrow, -Dio.netty.noUnsafe=true, -Dio.netty.noKeySetOptimization=true, -Dio.netty.recycler.maxCapacityPerThread=0, -Dlog4j.shutdownHookEnabled=false, -Dlog4j2.disable.jmx=true, -Djava.io.tmpdir=/tmp/elasticsearch.DG52gTeQ, -XX:+HeapDumpOnOutOfMemoryError, -XX:HeapDumpPath=data, -XX:ErrorFile=logs/hs_err_pid%p.log, -Xlog:gc*,gc+age=trace,safepoint:file=logs/gc.log:utctime,pid,tags:filecount=32,filesize=64m, -Djava.locale.providers=COMPAT, -XX:UseAVX=2, -Xms256m, -Xmx1g, -Des.path.home=/home/helen/github/Icarus/elasticsearch-6.5.4, -Des.path.conf=/home/helen/github/Icarus/elasticsearch-6.5.4/config, -Des.distribution.flavor=default, -Des.distribution.type=tar]
[2019-01-15T14:42:10,270][INFO ][o.e.p.PluginsService     ] [dNuwIsj] loaded module [aggs-matrix-stats]
[2019-01-15T14:42:10,270][INFO ][o.e.p.PluginsService     ] [dNuwIsj] loaded module [analysis-common]
[2019-01-15T14:42:10,270][INFO ][o.e.p.PluginsService     ] [dNuwIsj] loaded module [ingest-common]
[2019-01-15T14:42:10,270][INFO ][o.e.p.PluginsService     ] [dNuwIsj] loaded module [lang-expression]
[2019-01-15T14:42:10,270][INFO ][o.e.p.PluginsService     ] [dNuwIsj] loaded module [lang-mustache]
[2019-01-15T14:42:10,271][INFO ][o.e.p.PluginsService     ] [dNuwIsj] loaded module [lang-painless]
[2019-01-15T14:42:10,271][INFO ][o.e.p.PluginsService     ] [dNuwIsj] loaded module [mapper-extras]
[2019-01-15T14:42:10,271][INFO ][o.e.p.PluginsService     ] [dNuwIsj] loaded module [parent-join]
[2019-01-15T14:42:10,271][INFO ][o.e.p.PluginsService     ] [dNuwIsj] loaded module [percolator]
[2019-01-15T14:42:10,271][INFO ][o.e.p.PluginsService     ] [dNuwIsj] loaded module [rank-eval]
[2019-01-15T14:42:10,271][INFO ][o.e.p.PluginsService     ] [dNuwIsj] loaded module [reindex]
[2019-01-15T14:42:10,272][INFO ][o.e.p.PluginsService     ] [dNuwIsj] loaded module [repository-url]
[2019-01-15T14:42:10,272][INFO ][o.e.p.PluginsService     ] [dNuwIsj] loaded module [transport-netty4]
[2019-01-15T14:42:10,272][INFO ][o.e.p.PluginsService     ] [dNuwIsj] loaded module [tribe]
[2019-01-15T14:42:10,272][INFO ][o.e.p.PluginsService     ] [dNuwIsj] loaded module [x-pack-ccr]
[2019-01-15T14:42:10,272][INFO ][o.e.p.PluginsService     ] [dNuwIsj] loaded module [x-pack-core]
[2019-01-15T14:42:10,272][INFO ][o.e.p.PluginsService     ] [dNuwIsj] loaded module [x-pack-deprecation]
[2019-01-15T14:42:10,272][INFO ][o.e.p.PluginsService     ] [dNuwIsj] loaded module [x-pack-graph]
[2019-01-15T14:42:10,273][INFO ][o.e.p.PluginsService     ] [dNuwIsj] loaded module [x-pack-logstash]
[2019-01-15T14:42:10,273][INFO ][o.e.p.PluginsService     ] [dNuwIsj] loaded module [x-pack-ml]
[2019-01-15T14:42:10,273][INFO ][o.e.p.PluginsService     ] [dNuwIsj] loaded module [x-pack-monitoring]
[2019-01-15T14:42:10,273][INFO ][o.e.p.PluginsService     ] [dNuwIsj] loaded module [x-pack-rollup]
[2019-01-15T14:42:10,273][INFO ][o.e.p.PluginsService     ] [dNuwIsj] loaded module [x-pack-security]
[2019-01-15T14:42:10,273][INFO ][o.e.p.PluginsService     ] [dNuwIsj] loaded module [x-pack-sql]
[2019-01-15T14:42:10,273][INFO ][o.e.p.PluginsService     ] [dNuwIsj] loaded module [x-pack-upgrade]
[2019-01-15T14:42:10,273][INFO ][o.e.p.PluginsService     ] [dNuwIsj] loaded module [x-pack-watcher]
[2019-01-15T14:42:10,274][INFO ][o.e.p.PluginsService     ] [dNuwIsj] loaded plugin [analysis-ik]
[2019-01-15T14:42:15,450][INFO ][o.e.x.s.a.s.FileRolesStore] [dNuwIsj] parsed [0] roles from file [/home/helen/github/Icarus/elasticsearch-6.5.4/config/roles.yml]
[2019-01-15T14:42:16,477][INFO ][o.e.x.m.j.p.l.CppLogMessageHandler] [dNuwIsj] [controller/2697] [Main.cc@109] controller (64 bit): Version 6.5.4 (Build b616085ef32393) Copyright (c) 2018 Elasticsearch BV
[2019-01-15T14:42:17,198][DEBUG][o.e.a.ActionModule       ] [dNuwIsj] Using REST wrapper from plugin org.elasticsearch.xpack.security.Security
[2019-01-15T14:42:17,554][INFO ][o.e.d.DiscoveryModule    ] [dNuwIsj] using discovery type [zen] and host providers [settings]
[2019-01-15T14:42:18,482][INFO ][o.e.n.Node               ] [dNuwIsj] initialized
[2019-01-15T14:42:18,483][INFO ][o.e.n.Node               ] [dNuwIsj] starting ...
[2019-01-15T14:42:18,812][INFO ][o.e.t.TransportService   ] [dNuwIsj] publish_address {127.0.0.1:9300}, bound_addresses {[::1]:9300}, {127.0.0.1:9300}
[2019-01-15T14:42:18,875][WARN ][o.e.b.BootstrapChecks    ] [dNuwIsj] initial heap size [268435456] not equal to maximum heap size [1073741824]; this can cause resize pauses and prevents mlockall from locking the entire heap
[2019-01-15T14:42:18,875][WARN ][o.e.b.BootstrapChecks    ] [dNuwIsj] max file descriptors [4096] for elasticsearch process is too low, increase to at least [65536]
[2019-01-15T14:42:18,876][WARN ][o.e.b.BootstrapChecks    ] [dNuwIsj] max virtual memory areas vm.max_map_count [65530] is too low, increase to at least [262144]
[2019-01-15T14:42:21,995][INFO ][o.e.c.s.MasterService    ] [dNuwIsj] zen-disco-elected-as-master ([0] nodes joined), reason: new_master {dNuwIsj}{dNuwIsjcR3a5J7gloNPKbg}{Q-eeggOdSxug1evbdX2BIA}{127.0.0.1}{127.0.0.1:9300}{ml.machine_memory=1998196736, xpack.installed=true, ml.max_open_jobs=20, ml.enabled=true}
[2019-01-15T14:42:22,005][INFO ][o.e.c.s.ClusterApplierService] [dNuwIsj] new_master {dNuwIsj}{dNuwIsjcR3a5J7gloNPKbg}{Q-eeggOdSxug1evbdX2BIA}{127.0.0.1}{127.0.0.1:9300}{ml.machine_memory=1998196736, xpack.installed=true, ml.max_open_jobs=20, ml.enabled=true}, reason: apply cluster state (from master [master {dNuwIsj}{dNuwIsjcR3a5J7gloNPKbg}{Q-eeggOdSxug1evbdX2BIA}{127.0.0.1}{127.0.0.1:9300}{ml.machine_memory=1998196736, xpack.installed=true, ml.max_open_jobs=20, ml.enabled=true} committed version [1] source [zen-disco-elected-as-master ([0] nodes joined)]])
[2019-01-15T14:42:22,172][INFO ][o.e.x.s.t.n.SecurityNetty4HttpServerTransport] [dNuwIsj] publish_address {127.0.0.1:9200}, bound_addresses {[::1]:9200}, {127.0.0.1:9200}
[2019-01-15T14:42:22,173][INFO ][o.e.n.Node               ] [dNuwIsj] started
[2019-01-15T14:42:22,306][INFO ][o.w.a.d.Monitor          ] [dNuwIsj] try load config from /home/helen/github/Icarus/elasticsearch-6.5.4/config/analysis-ik/IKAnalyzer.cfg.xml
[2019-01-15T14:42:23,382][WARN ][o.e.x.s.a.s.m.NativeRoleMappingStore] [dNuwIsj] Failed to clear cache for realms [[]]
[2019-01-15T14:42:23,477][INFO ][o.e.l.LicenseService     ] [dNuwIsj] license [b702feaa-f690-4600-b290-c12b045fb88a] mode [basic] - valid
[2019-01-15T14:42:23,509][INFO ][o.e.g.GatewayService     ] [dNuwIsj] recovered [1] indices into cluster_state
[2019-01-15T14:42:24,263][INFO ][o.e.c.r.a.AllocationService] [dNuwIsj] Cluster health status changed from [RED] to [YELLOW] (reason: [shards started [[icarus-index][2]] ...]).
[2019-01-15T14:42:51,130][INFO ][o.e.c.m.MetaDataDeleteIndexService] [dNuwIsj] [icarus-index/3VUAlqcZT7KiMH3X1TdthQ] deleting index
[2019-01-15T14:42:51,382][INFO ][o.e.c.m.MetaDataCreateIndexService] [dNuwIsj] [icarus-index] creating index, cause [api], templates [], shards [5]/[1], mappings []
[2019-01-15T14:42:51,669][INFO ][o.e.c.m.MetaDataMappingService] [dNuwIsj] [icarus-index/xzCdC3f9RJa1VS3RTKOy_Q] create_mapping [doc]
[2019-01-15T14:42:52,552][INFO ][o.e.c.m.MetaDataMappingService] [dNuwIsj] [icarus-index/xzCdC3f9RJa1VS3RTKOy_Q] update_mapping [doc]
[2019-01-15T14:42:52,773][INFO ][o.e.c.m.MetaDataMappingService] [dNuwIsj] [icarus-index/xzCdC3f9RJa1VS3RTKOy_Q] update_mapping [doc]
[2019-01-15T14:42:52,894][INFO ][o.e.c.m.MetaDataMappingService] [dNuwIsj] [icarus-index/xzCdC3f9RJa1VS3RTKOy_Q] update_mapping [doc]
[2019-01-15T14:45:02,943][INFO ][o.e.e.NodeEnvironment    ] [dNuwIsj] using [1] data paths, mounts [[/ (/dev/sda1)]], net usable_space [8.4gb], net total_space [19.5gb], types [ext4]
[2019-01-15T14:45:02,949][INFO ][o.e.e.NodeEnvironment    ] [dNuwIsj] heap size [247.5mb], compressed ordinary object pointers [true]
[2019-01-15T14:45:03,010][INFO ][o.e.n.Node               ] [dNuwIsj] node name derived from node ID [dNuwIsjcR3a5J7gloNPKbg]; set [node.name] to override
[2019-01-15T14:45:03,011][INFO ][o.e.n.Node               ] [dNuwIsj] version[6.5.4], pid[3096], build[default/tar/d2ef93d/2018-12-17T21:17:40.758843Z], OS[Linux/4.15.0-43-generic/amd64], JVM[Oracle Corporation/OpenJDK 64-Bit Server VM/10.0.2/10.0.2+13-Ubuntu-1ubuntu0.18.04.4]
[2019-01-15T14:45:03,011][INFO ][o.e.n.Node               ] [dNuwIsj] JVM arguments [-Xms256m, -Xmx256m, -XX:+UseConcMarkSweepGC, -XX:CMSInitiatingOccupancyFraction=75, -XX:+UseCMSInitiatingOccupancyOnly, -XX:+AlwaysPreTouch, -Xss1m, -Djava.awt.headless=true, -Dfile.encoding=UTF-8, -Djna.nosys=true, -XX:-OmitStackTraceInFastThrow, -Dio.netty.noUnsafe=true, -Dio.netty.noKeySetOptimization=true, -Dio.netty.recycler.maxCapacityPerThread=0, -Dlog4j.shutdownHookEnabled=false, -Dlog4j2.disable.jmx=true, -Djava.io.tmpdir=/tmp/elasticsearch.39go2CVj, -XX:+HeapDumpOnOutOfMemoryError, -XX:HeapDumpPath=data, -XX:ErrorFile=logs/hs_err_pid%p.log, -Xlog:gc*,gc+age=trace,safepoint:file=logs/gc.log:utctime,pid,tags:filecount=32,filesize=64m, -Djava.locale.providers=COMPAT, -XX:UseAVX=2, -Des.path.home=/home/helen/github/Icarus/elasticsearch-6.5.4, -Des.path.conf=/home/helen/github/Icarus/elasticsearch-6.5.4/config, -Des.distribution.flavor=default, -Des.distribution.type=tar]
[2019-01-15T14:45:06,511][INFO ][o.e.p.PluginsService     ] [dNuwIsj] loaded module [aggs-matrix-stats]
[2019-01-15T14:45:06,512][INFO ][o.e.p.PluginsService     ] [dNuwIsj] loaded module [analysis-common]
[2019-01-15T14:45:06,512][INFO ][o.e.p.PluginsService     ] [dNuwIsj] loaded module [ingest-common]
[2019-01-15T14:45:06,513][INFO ][o.e.p.PluginsService     ] [dNuwIsj] loaded module [lang-expression]
[2019-01-15T14:45:06,513][INFO ][o.e.p.PluginsService     ] [dNuwIsj] loaded module [lang-mustache]
[2019-01-15T14:45:06,513][INFO ][o.e.p.PluginsService     ] [dNuwIsj] loaded module [lang-painless]
[2019-01-15T14:45:06,513][INFO ][o.e.p.PluginsService     ] [dNuwIsj] loaded module [mapper-extras]
[2019-01-15T14:45:06,513][INFO ][o.e.p.PluginsService     ] [dNuwIsj] loaded module [parent-join]
[2019-01-15T14:45:06,513][INFO ][o.e.p.PluginsService     ] [dNuwIsj] loaded module [percolator]
[2019-01-15T14:45:06,514][INFO ][o.e.p.PluginsService     ] [dNuwIsj] loaded module [rank-eval]
[2019-01-15T14:45:06,514][INFO ][o.e.p.PluginsService     ] [dNuwIsj] loaded module [reindex]
[2019-01-15T14:45:06,514][INFO ][o.e.p.PluginsService     ] [dNuwIsj] loaded module [repository-url]
[2019-01-15T14:45:06,514][INFO ][o.e.p.PluginsService     ] [dNuwIsj] loaded module [transport-netty4]
[2019-01-15T14:45:06,514][INFO ][o.e.p.PluginsService     ] [dNuwIsj] loaded module [tribe]
[2019-01-15T14:45:06,515][INFO ][o.e.p.PluginsService     ] [dNuwIsj] loaded module [x-pack-ccr]
[2019-01-15T14:45:06,515][INFO ][o.e.p.PluginsService     ] [dNuwIsj] loaded module [x-pack-core]
[2019-01-15T14:45:06,515][INFO ][o.e.p.PluginsService     ] [dNuwIsj] loaded module [x-pack-deprecation]
[2019-01-15T14:45:06,515][INFO ][o.e.p.PluginsService     ] [dNuwIsj] loaded module [x-pack-graph]
[2019-01-15T14:45:06,515][INFO ][o.e.p.PluginsService     ] [dNuwIsj] loaded module [x-pack-logstash]
[2019-01-15T14:45:06,516][INFO ][o.e.p.PluginsService     ] [dNuwIsj] loaded module [x-pack-ml]
[2019-01-15T14:45:06,516][INFO ][o.e.p.PluginsService     ] [dNuwIsj] loaded module [x-pack-monitoring]
[2019-01-15T14:45:06,516][INFO ][o.e.p.PluginsService     ] [dNuwIsj] loaded module [x-pack-rollup]
[2019-01-15T14:45:06,516][INFO ][o.e.p.PluginsService     ] [dNuwIsj] loaded module [x-pack-security]
[2019-01-15T14:45:06,516][INFO ][o.e.p.PluginsService     ] [dNuwIsj] loaded module [x-pack-sql]
[2019-01-15T14:45:06,517][INFO ][o.e.p.PluginsService     ] [dNuwIsj] loaded module [x-pack-upgrade]
[2019-01-15T14:45:06,517][INFO ][o.e.p.PluginsService     ] [dNuwIsj] loaded module [x-pack-watcher]
[2019-01-15T14:45:06,517][INFO ][o.e.p.PluginsService     ] [dNuwIsj] loaded plugin [analysis-ik]
[2019-01-15T14:45:13,202][INFO ][o.e.x.s.a.s.FileRolesStore] [dNuwIsj] parsed [0] roles from file [/home/helen/github/Icarus/elasticsearch-6.5.4/config/roles.yml]
[2019-01-15T14:45:13,829][INFO ][o.e.x.m.j.p.l.CppLogMessageHandler] [dNuwIsj] [controller/3169] [Main.cc@109] controller (64 bit): Version 6.5.4 (Build b616085ef32393) Copyright (c) 2018 Elasticsearch BV
[2019-01-15T14:45:14,782][DEBUG][o.e.a.ActionModule       ] [dNuwIsj] Using REST wrapper from plugin org.elasticsearch.xpack.security.Security
[2019-01-15T14:45:15,171][INFO ][o.e.d.DiscoveryModule    ] [dNuwIsj] using discovery type [zen] and host providers [settings]
[2019-01-15T14:45:16,716][INFO ][o.e.n.Node               ] [dNuwIsj] initialized
[2019-01-15T14:45:16,717][INFO ][o.e.n.Node               ] [dNuwIsj] starting ...
[2019-01-15T14:45:17,000][INFO ][o.e.t.TransportService   ] [dNuwIsj] publish_address {127.0.0.1:9300}, bound_addresses {[::1]:9300}, {127.0.0.1:9300}
[2019-01-15T14:45:17,154][WARN ][o.e.b.BootstrapChecks    ] [dNuwIsj] max file descriptors [4096] for elasticsearch process is too low, increase to at least [65536]
[2019-01-15T14:45:17,154][WARN ][o.e.b.BootstrapChecks    ] [dNuwIsj] max virtual memory areas vm.max_map_count [65530] is too low, increase to at least [262144]
[2019-01-15T14:45:20,229][INFO ][o.e.c.s.MasterService    ] [dNuwIsj] zen-disco-elected-as-master ([0] nodes joined), reason: new_master {dNuwIsj}{dNuwIsjcR3a5J7gloNPKbg}{EMwypiQSRt2L6FEN7s1Ixg}{127.0.0.1}{127.0.0.1:9300}{ml.machine_memory=1998196736, xpack.installed=true, ml.max_open_jobs=20, ml.enabled=true}
[2019-01-15T14:45:20,239][INFO ][o.e.c.s.ClusterApplierService] [dNuwIsj] new_master {dNuwIsj}{dNuwIsjcR3a5J7gloNPKbg}{EMwypiQSRt2L6FEN7s1Ixg}{127.0.0.1}{127.0.0.1:9300}{ml.machine_memory=1998196736, xpack.installed=true, ml.max_open_jobs=20, ml.enabled=true}, reason: apply cluster state (from master [master {dNuwIsj}{dNuwIsjcR3a5J7gloNPKbg}{EMwypiQSRt2L6FEN7s1Ixg}{127.0.0.1}{127.0.0.1:9300}{ml.machine_memory=1998196736, xpack.installed=true, ml.max_open_jobs=20, ml.enabled=true} committed version [1] source [zen-disco-elected-as-master ([0] nodes joined)]])
[2019-01-15T14:45:20,338][INFO ][o.e.x.s.t.n.SecurityNetty4HttpServerTransport] [dNuwIsj] publish_address {127.0.0.1:9200}, bound_addresses {[::1]:9200}, {127.0.0.1:9200}
[2019-01-15T14:45:20,339][INFO ][o.e.n.Node               ] [dNuwIsj] started
[2019-01-15T14:45:20,374][INFO ][o.w.a.d.Monitor          ] [dNuwIsj] try load config from /home/helen/github/Icarus/elasticsearch-6.5.4/config/analysis-ik/IKAnalyzer.cfg.xml
[2019-01-15T14:45:21,175][WARN ][o.e.x.s.a.s.m.NativeRoleMappingStore] [dNuwIsj] Failed to clear cache for realms [[]]
[2019-01-15T14:45:21,215][INFO ][o.e.l.LicenseService     ] [dNuwIsj] license [b702feaa-f690-4600-b290-c12b045fb88a] mode [basic] - valid
[2019-01-15T14:45:21,232][INFO ][o.e.g.GatewayService     ] [dNuwIsj] recovered [1] indices into cluster_state
[2019-01-15T14:45:21,866][INFO ][o.e.c.r.a.AllocationService] [dNuwIsj] Cluster health status changed from [RED] to [YELLOW] (reason: [shards started [[icarus-index][1]] ...]).
[2019-01-15T14:49:27,594][INFO ][o.e.x.m.j.p.NativeController] [dNuwIsj] Native controller process has stopped - no new native processes can be started
[2019-01-15T14:49:27,619][INFO ][o.e.n.Node               ] [dNuwIsj] stopping ...
[2019-01-15T14:49:27,702][INFO ][o.e.x.w.WatcherService   ] [dNuwIsj] stopping watch service, reason [shutdown initiated]
[2019-01-15T14:49:28,216][INFO ][o.e.n.Node               ] [dNuwIsj] stopped
[2019-01-15T14:49:28,216][INFO ][o.e.n.Node               ] [dNuwIsj] closing ...
[2019-01-15T14:49:28,261][INFO ][o.e.n.Node               ] [dNuwIsj] closed
