#
# There is insufficient memory for the Java Runtime Environment to continue.
# Native memory allocation (mmap) failed to map 178978816 bytes for committing reserved memory.
# Possible reasons:
#   The system is out of physical RAM or swap space
#   The process is running with CompressedOops enabled, and the Java Heap may be blocking the growth of the native heap
# Possible solutions:
#   Reduce memory load on the system
#   Increase physical memory or swap space
#   Check if swap backing store is full
#   Decrease Java heap size (-Xmx/-Xms)
#   Decrease number of Java threads
#   Decrease Java thread stack sizes (-Xss)
#   Set larger code cache with -XX:ReservedCodeCacheSize=
# This output file may be truncated or incomplete.
#
#  Out of Memory Error (os_linux.cpp:2706), pid=5505, tid=5561
#
# JRE version:  (10.0.2+13) (build )
# Java VM: OpenJDK 64-Bit Server VM (10.0.2+13-Ubuntu-1ubuntu0.18.04.4, mixed mode, aot, tiered, compressed oops, concurrent mark sweep gc, linux-amd64)
# Core dump will be written. Default location: Core dumps may be processed with "/usr/share/apport/apport %p %s %c %d %P" (or dumping to /home/helen/Downloads/elasticsearch-6.5.4/core.5505)
#

---------------  S U M M A R Y ------------

Command Line: -Xms256m -Xmx256m -XX:+UseConcMarkSweepGC -XX:CMSInitiatingOccupancyFraction=75 -XX:+UseCMSInitiatingOccupancyOnly -XX:+AlwaysPreTouch -Xss1m -Djava.awt.headless=true -Dfile.encoding=UTF-8 -Djna.nosys=true -XX:-OmitStackTraceInFastThrow -Dio.netty.noUnsafe=true -Dio.netty.noKeySetOptimization=true -Dio.netty.recycler.maxCapacityPerThread=0 -Dlog4j.shutdownHookEnabled=false -Dlog4j2.disable.jmx=true -Djava.io.tmpdir=/tmp/elasticsearch.QQKtzByr -XX:+HeapDumpOnOutOfMemoryError -XX:HeapDumpPath=data -XX:ErrorFile=logs/hs_err_pid%p.log -Xlog:gc*,gc+age=trace,safepoint:file=logs/gc.log:utctime,pid,tags:filecount=32,filesize=64m -Djava.locale.providers=COMPAT -XX:UseAVX=2 -Des.path.home=/home/helen/Downloads/elasticsearch-6.5.4 -Des.path.conf=/home/helen/Downloads/elasticsearch-6.5.4/config -Des.distribution.flavor=default -Des.distribution.type=tar org.elasticsearch.bootstrap.Elasticsearch

Host: Intel(R) Core(TM) i5-7300HQ CPU @ 2.50GHz, 2 cores, 1G, Ubuntu 18.04.1 LTS
Time: Mon Jan 14 16:58:58 2019 CST elapsed time: 0 seconds (0d 0h 0m 0s)

---------------  T H R E A D  ---------------

Current thread (0x00007f883c014000):  JavaThread "Unknown thread" [_thread_in_vm, id=5561, stack(0x00007f88437c5000,0x00007f88438c6000)]

Stack: [0x00007f88437c5000,0x00007f88438c6000],  sp=0x00007f88438c43a0,  free space=1020k
Native frames: (J=compiled Java code, A=aot compiled Java code, j=interpreted, Vv=VM code, C=native code)
V  [libjvm.so+0xd27ea4]
V  [libjvm.so+0xd28a4b]
V  [libjvm.so+0x64d415]
V  [libjvm.so+0xb2d672]
V  [libjvm.so+0xb25d4f]
V  [libjvm.so+0xd1f63b]
V  [libjvm.so+0x7b2645]
V  [libjvm.so+0x526709]
V  [libjvm.so+0x63220b]
V  [libjvm.so+0x7b373f]
V  [libjvm.so+0x79149f]
V  [libjvm.so+0x5aa15f]
V  [libjvm.so+0xce5dc2]
V  [libjvm.so+0xce60c6]
V  [libjvm.so+0x807d57]
V  [libjvm.so+0xcc7ac4]
V  [libjvm.so+0x8601b1]  JNI_CreateJavaVM+0x51
C  [libjli.so+0x3d83]
C  [libjli.so+0x89dd]
C  [libpthread.so.0+0x76db]  start_thread+0xdb


---------------  P R O C E S S  ---------------

Threads class SMR info:
_java_thread_list=0x0000562ebd664d00, length=0, elements={
}

Java Threads: ( => current thread )

Other Threads:
  0x00007f883c01b000 GCTaskThread "GC Thread#0" [stack: 0x00007f8823405000,0x00007f8823505000] [id=5562]
  0x00007f883c027000 GCTaskThread "GC Thread#1" [stack: 0x00007f8823303000,0x00007f8823403000] [id=5563]

=>0x00007f883c014000 (exited) JavaThread "Unknown thread" [_thread_in_vm, id=5561, stack(0x00007f88437c5000,0x00007f88438c6000)]

Threads with active compile tasks:

VM state:not at safepoint (not fully initialized)

VM Mutex/Monitor currently owned by a thread: None

Heap address: 0x00000000f0000000, size: 256 MB, Compressed Oops mode: Non-zero based: 0x00000000f0000000
Narrow klass base: 0x0000000000000000, Narrow klass shift: 0

GC Heap History (0 events):
No events

Deoptimization events (0 events):
No events

Classes redefined (0 events):
No events

Internal exceptions (0 events):
No events

Events (0 events):
No events


Dynamic libraries:
f0000000-f5550000 rw-p 00000000 00:00 0 
562ebb977000-562ebb978000 r-xp 00000000 08:01 1073684                    /usr/lib/jvm/java-11-openjdk-amd64/bin/java
562ebbb78000-562ebbb79000 r--p 00001000 08:01 1073684                    /usr/lib/jvm/java-11-openjdk-amd64/bin/java
562ebbb79000-562ebbb7a000 rw-p 00002000 08:01 1073684                    /usr/lib/jvm/java-11-openjdk-amd64/bin/java
562ebd64d000-562ebd68f000 rw-p 00000000 00:00 0                          [heap]
7f8814000000-7f8814021000 rw-p 00000000 00:00 0 
7f8814021000-7f8818000000 ---p 00000000 00:00 0 
7f881c000000-7f881c021000 rw-p 00000000 00:00 0 
7f881c021000-7f8820000000 ---p 00000000 00:00 0 
7f88230ff000-7f8823301000 rw-p 00000000 00:00 0 
7f8823301000-7f8823302000 ---p 00000000 00:00 0 
7f8823302000-7f8823403000 rw-p 00000000 00:00 0 
7f8823403000-7f8823404000 ---p 00000000 00:00 0 
7f8823404000-7f8823505000 rw-p 00000000 00:00 0 
7f8823505000-7f8823775000 rwxp 00000000 00:00 0 
7f8823775000-7f8823a94000 ---p 00000000 00:00 0 
7f8823a94000-7f8823d04000 rwxp 00000000 00:00 0 
7f8823d04000-7f882afcc000 ---p 00000000 00:00 0 
7f882afcc000-7f882b23c000 rwxp 00000000 00:00 0 
7f882b23c000-7f8832505000 ---p 00000000 00:00 0 
7f8832505000-7f883b9e0000 r--s 00000000 08:01 1073859                    /usr/lib/jvm/java-11-openjdk-amd64/lib/modules
7f883b9e0000-7f883b9e5000 r-xp 00000000 08:01 1073841                    /usr/lib/jvm/java-11-openjdk-amd64/lib/libjimage.so
7f883b9e5000-7f883bbe4000 ---p 00005000 08:01 1073841                    /usr/lib/jvm/java-11-openjdk-amd64/lib/libjimage.so
7f883bbe4000-7f883bbe5000 r--p 00004000 08:01 1073841                    /usr/lib/jvm/java-11-openjdk-amd64/lib/libjimage.so
7f883bbe5000-7f883bbe6000 rw-p 00005000 08:01 1073841                    /usr/lib/jvm/java-11-openjdk-amd64/lib/libjimage.so
7f883bbe6000-7f883bbed000 r-xp 00000000 08:01 1073858                    /usr/lib/jvm/java-11-openjdk-amd64/lib/libzip.so
7f883bbed000-7f883bdec000 ---p 00007000 08:01 1073858                    /usr/lib/jvm/java-11-openjdk-amd64/lib/libzip.so
7f883bdec000-7f883bded000 r--p 00006000 08:01 1073858                    /usr/lib/jvm/java-11-openjdk-amd64/lib/libzip.so
7f883bded000-7f883bdee000 rw-p 00007000 08:01 1073858                    /usr/lib/jvm/java-11-openjdk-amd64/lib/libzip.so
7f883bdee000-7f883bdf9000 r-xp 00000000 08:01 923724                     /lib/x86_64-linux-gnu/libnss_files-2.27.so
7f883bdf9000-7f883bff8000 ---p 0000b000 08:01 923724                     /lib/x86_64-linux-gnu/libnss_files-2.27.so
7f883bff8000-7f883bff9000 r--p 0000a000 08:01 923724                     /lib/x86_64-linux-gnu/libnss_files-2.27.so
7f883bff9000-7f883bffa000 rw-p 0000b000 08:01 923724                     /lib/x86_64-linux-gnu/libnss_files-2.27.so
7f883bffa000-7f883c000000 rw-p 00000000 00:00 0 
7f883c000000-7f883c040000 rw-p 00000000 00:00 0 
7f883c040000-7f8840000000 ---p 00000000 00:00 0 
7f884000d000-7f8840012000 rw-p 00000000 00:00 0 
7f8840012000-7f88400f8000 ---p 00000000 00:00 0 
7f88400f8000-7f88400fd000 rw-p 00000000 00:00 0 
7f88400fd000-7f88401e3000 ---p 00000000 00:00 0 
7f88401e3000-7f88401fa000 r-xp 00000000 08:01 923718                     /lib/x86_64-linux-gnu/libnsl-2.27.so
7f88401fa000-7f88403f9000 ---p 00017000 08:01 923718                     /lib/x86_64-linux-gnu/libnsl-2.27.so
7f88403f9000-7f88403fa000 r--p 00016000 08:01 923718                     /lib/x86_64-linux-gnu/libnsl-2.27.so
7f88403fa000-7f88403fb000 rw-p 00017000 08:01 923718                     /lib/x86_64-linux-gnu/libnsl-2.27.so
7f88403fb000-7f88403fd000 rw-p 00000000 00:00 0 
7f88403fd000-7f8840408000 r-xp 00000000 08:01 923735                     /lib/x86_64-linux-gnu/libnss_nis-2.27.so
7f8840408000-7f8840607000 ---p 0000b000 08:01 923735                     /lib/x86_64-linux-gnu/libnss_nis-2.27.so
7f8840607000-7f8840608000 r--p 0000a000 08:01 923735                     /lib/x86_64-linux-gnu/libnss_nis-2.27.so
7f8840608000-7f8840609000 rw-p 0000b000 08:01 923735                     /lib/x86_64-linux-gnu/libnss_nis-2.27.so
7f8840609000-7f8840611000 r-xp 00000000 08:01 923720                     /lib/x86_64-linux-gnu/libnss_compat-2.27.so
7f8840611000-7f8840811000 ---p 00008000 08:01 923720                     /lib/x86_64-linux-gnu/libnss_compat-2.27.so
7f8840811000-7f8840812000 r--p 00008000 08:01 923720                     /lib/x86_64-linux-gnu/libnss_compat-2.27.so
7f8840812000-7f8840813000 rw-p 00009000 08:01 923720                     /lib/x86_64-linux-gnu/libnss_compat-2.27.so
7f8840813000-7f884083f000 r-xp 00000000 08:01 1073837                    /usr/lib/jvm/java-11-openjdk-amd64/lib/libjava.so
7f884083f000-7f8840a3e000 ---p 0002c000 08:01 1073837                    /usr/lib/jvm/java-11-openjdk-amd64/lib/libjava.so
7f8840a3e000-7f8840a3f000 r--p 0002b000 08:01 1073837                    /usr/lib/jvm/java-11-openjdk-amd64/lib/libjava.so
7f8840a3f000-7f8840a41000 rw-p 0002c000 08:01 1073837                    /usr/lib/jvm/java-11-openjdk-amd64/lib/libjava.so
7f8840a41000-7f8840a4e000 r-xp 00000000 08:01 1073857                    /usr/lib/jvm/java-11-openjdk-amd64/lib/libverify.so
7f8840a4e000-7f8840c4d000 ---p 0000d000 08:01 1073857                    /usr/lib/jvm/java-11-openjdk-amd64/lib/libverify.so
7f8840c4d000-7f8840c4f000 r--p 0000c000 08:01 1073857                    /usr/lib/jvm/java-11-openjdk-amd64/lib/libverify.so
7f8840c4f000-7f8840c50000 rw-p 0000e000 08:01 1073857                    /usr/lib/jvm/java-11-openjdk-amd64/lib/libverify.so
7f8840c50000-7f8840c57000 r-xp 00000000 08:01 923775                     /lib/x86_64-linux-gnu/librt-2.27.so
7f8840c57000-7f8840e56000 ---p 00007000 08:01 923775                     /lib/x86_64-linux-gnu/librt-2.27.so
7f8840e56000-7f8840e57000 r--p 00006000 08:01 923775                     /lib/x86_64-linux-gnu/librt-2.27.so
7f8840e57000-7f8840e58000 rw-p 00007000 08:01 923775                     /lib/x86_64-linux-gnu/librt-2.27.so
7f8840e58000-7f8840e6f000 r-xp 00000000 08:01 923081                     /lib/x86_64-linux-gnu/libgcc_s.so.1
7f8840e6f000-7f884106e000 ---p 00017000 08:01 923081                     /lib/x86_64-linux-gnu/libgcc_s.so.1
7f884106e000-7f884106f000 r--p 00016000 08:01 923081                     /lib/x86_64-linux-gnu/libgcc_s.so.1
7f884106f000-7f8841070000 rw-p 00017000 08:01 923081                     /lib/x86_64-linux-gnu/libgcc_s.so.1
7f8841070000-7f884120d000 r-xp 00000000 08:01 923697                     /lib/x86_64-linux-gnu/libm-2.27.so
7f884120d000-7f884140c000 ---p 0019d000 08:01 923697                     /lib/x86_64-linux-gnu/libm-2.27.so
7f884140c000-7f884140d000 r--p 0019c000 08:01 923697                     /lib/x86_64-linux-gnu/libm-2.27.so
7f884140d000-7f884140e000 rw-p 0019d000 08:01 923697                     /lib/x86_64-linux-gnu/libm-2.27.so
7f884140e000-7f8841587000 r-xp 00000000 08:01 1180852                    /usr/lib/x86_64-linux-gnu/libstdc++.so.6.0.25
7f8841587000-7f8841787000 ---p 00179000 08:01 1180852                    /usr/lib/x86_64-linux-gnu/libstdc++.so.6.0.25
7f8841787000-7f8841791000 r--p 00179000 08:01 1180852                    /usr/lib/x86_64-linux-gnu/libstdc++.so.6.0.25
7f8841791000-7f8841793000 rw-p 00183000 08:01 1180852                    /usr/lib/x86_64-linux-gnu/libstdc++.so.6.0.25
7f8841793000-7f8841797000 rw-p 00000000 00:00 0 
7f8841797000-7f8842734000 r-xp 00000000 08:01 1073864                    /usr/lib/jvm/java-11-openjdk-amd64/lib/server/libjvm.so
7f8842734000-7f8842934000 ---p 00f9d000 08:01 1073864                    /usr/lib/jvm/java-11-openjdk-amd64/lib/server/libjvm.so
7f8842934000-7f88429f8000 r--p 00f9d000 08:01 1073864                    /usr/lib/jvm/java-11-openjdk-amd64/lib/server/libjvm.so
7f88429f8000-7f8842a30000 rw-p 01061000 08:01 1073864                    /usr/lib/jvm/java-11-openjdk-amd64/lib/server/libjvm.so
7f8842a30000-7f8842a79000 rw-p 00000000 00:00 0 
7f8842a79000-7f8842a93000 r-xp 00000000 08:01 923767                     /lib/x86_64-linux-gnu/libpthread-2.27.so
7f8842a93000-7f8842c92000 ---p 0001a000 08:01 923767                     /lib/x86_64-linux-gnu/libpthread-2.27.so
7f8842c92000-7f8842c93000 r--p 00019000 08:01 923767                     /lib/x86_64-linux-gnu/libpthread-2.27.so
7f8842c93000-7f8842c94000 rw-p 0001a000 08:01 923767                     /lib/x86_64-linux-gnu/libpthread-2.27.so
7f8842c94000-7f8842c98000 rw-p 00000000 00:00 0 
7f8842c98000-7f8842c9b000 r-xp 00000000 08:01 923657                     /lib/x86_64-linux-gnu/libdl-2.27.so
7f8842c9b000-7f8842e9a000 ---p 00003000 08:01 923657                     /lib/x86_64-linux-gnu/libdl-2.27.so
7f8842e9a000-7f8842e9b000 r--p 00002000 08:01 923657                     /lib/x86_64-linux-gnu/libdl-2.27.so
7f8842e9b000-7f8842e9c000 rw-p 00003000 08:01 923657                     /lib/x86_64-linux-gnu/libdl-2.27.so
7f8842e9c000-7f8842eb8000 r-xp 00000000 08:01 923806                     /lib/x86_64-linux-gnu/libz.so.1.2.11
7f8842eb8000-7f88430b7000 ---p 0001c000 08:01 923806                     /lib/x86_64-linux-gnu/libz.so.1.2.11
7f88430b7000-7f88430b8000 r--p 0001b000 08:01 923806                     /lib/x86_64-linux-gnu/libz.so.1.2.11
7f88430b8000-7f88430b9000 rw-p 0001c000 08:01 923806                     /lib/x86_64-linux-gnu/libz.so.1.2.11
7f88430b9000-7f88432a0000 r-xp 00000000 08:01 923634                     /lib/x86_64-linux-gnu/libc-2.27.so
7f88432a0000-7f88434a0000 ---p 001e7000 08:01 923634                     /lib/x86_64-linux-gnu/libc-2.27.so
7f88434a0000-7f88434a4000 r--p 001e7000 08:01 923634                     /lib/x86_64-linux-gnu/libc-2.27.so
7f88434a4000-7f88434a6000 rw-p 001eb000 08:01 923634                     /lib/x86_64-linux-gnu/libc-2.27.so
7f88434a6000-7f88434aa000 rw-p 00000000 00:00 0 
7f88434aa000-7f88434b9000 r-xp 00000000 08:01 1073822                    /usr/lib/jvm/java-11-openjdk-amd64/lib/jli/libjli.so
7f88434b9000-7f88436b8000 ---p 0000f000 08:01 1073822                    /usr/lib/jvm/java-11-openjdk-amd64/lib/jli/libjli.so
7f88436b8000-7f88436b9000 r--p 0000e000 08:01 1073822                    /usr/lib/jvm/java-11-openjdk-amd64/lib/jli/libjli.so
7f88436b9000-7f88436ba000 rw-p 0000f000 08:01 1073822                    /usr/lib/jvm/java-11-openjdk-amd64/lib/jli/libjli.so
7f88436ba000-7f88436e1000 r-xp 00000000 08:01 923606                     /lib/x86_64-linux-gnu/ld-2.27.so
7f8843744000-7f884376f000 rw-p 00000000 00:00 0 
7f884376f000-7f88437c4000 ---p 00000000 00:00 0 
7f88437c4000-7f88437c5000 rw-p 00000000 00:00 0 
7f88437c5000-7f88437c9000 ---p 00000000 00:00 0 
7f88437c9000-7f88438c8000 rw-p 00000000 00:00 0 
7f88438c9000-7f88438ce000 rw-p 00000000 00:00 0 
7f88438ce000-7f88438d5000 ---p 00000000 00:00 0 
7f88438d5000-7f88438dd000 rw-s 00000000 08:01 1073657                    /tmp/hsperfdata_helen/5505
7f88438dd000-7f88438de000 ---p 00000000 00:00 0 
7f88438de000-7f88438df000 r--p 00000000 00:00 0 
7f88438df000-7f88438e1000 rw-p 00000000 00:00 0 
7f88438e1000-7f88438e2000 r--p 00027000 08:01 923606                     /lib/x86_64-linux-gnu/ld-2.27.so
7f88438e2000-7f88438e3000 rw-p 00028000 08:01 923606                     /lib/x86_64-linux-gnu/ld-2.27.so
7f88438e3000-7f88438e4000 rw-p 00000000 00:00 0 
7ffc87521000-7ffc87543000 rw-p 00000000 00:00 0                          [stack]
7ffc87547000-7ffc8754a000 r--p 00000000 00:00 0                          [vvar]
7ffc8754a000-7ffc8754c000 r-xp 00000000 00:00 0                          [vdso]
ffffffffff600000-ffffffffff601000 r-xp 00000000 00:00 0                  [vsyscall]


VM Arguments:
jvm_args: -Xms256m -Xmx256m -XX:+UseConcMarkSweepGC -XX:CMSInitiatingOccupancyFraction=75 -XX:+UseCMSInitiatingOccupancyOnly -XX:+AlwaysPreTouch -Xss1m -Djava.awt.headless=true -Dfile.encoding=UTF-8 -Djna.nosys=true -XX:-OmitStackTraceInFastThrow -Dio.netty.noUnsafe=true -Dio.netty.noKeySetOptimization=true -Dio.netty.recycler.maxCapacityPerThread=0 -Dlog4j.shutdownHookEnabled=false -Dlog4j2.disable.jmx=true -Djava.io.tmpdir=/tmp/elasticsearch.QQKtzByr -XX:+HeapDumpOnOutOfMemoryError -XX:HeapDumpPath=data -XX:ErrorFile=logs/hs_err_pid%p.log -Xlog:gc*,gc+age=trace,safepoint:file=logs/gc.log:utctime,pid,tags:filecount=32,filesize=64m -Djava.locale.providers=COMPAT -XX:UseAVX=2 -Des.path.home=/home/helen/Downloads/elasticsearch-6.5.4 -Des.path.conf=/home/helen/Downloads/elasticsearch-6.5.4/config -Des.distribution.flavor=default -Des.distribution.type=tar 
java_command: org.elasticsearch.bootstrap.Elasticsearch
java_class_path (initial): /home/helen/Downloads/elasticsearch-6.5.4/lib/HdrHistogram-2.1.9.jar:/home/helen/Downloads/elasticsearch-6.5.4/lib/jackson-dataformat-smile-2.8.11.jar:/home/helen/Downloads/elasticsearch-6.5.4/lib/jopt-simple-5.0.2.jar:/home/helen/Downloads/elasticsearch-6.5.4/lib/lucene-spatial-extras-7.5.0.jar:/home/helen/Downloads/elasticsearch-6.5.4/lib/elasticsearch-core-6.5.4.jar:/home/helen/Downloads/elasticsearch-6.5.4/lib/lucene-join-7.5.0.jar:/home/helen/Downloads/elasticsearch-6.5.4/lib/lucene-backward-codecs-7.5.0.jar:/home/helen/Downloads/elasticsearch-6.5.4/lib/plugin-classloader-6.5.4.jar:/home/helen/Downloads/elasticsearch-6.5.4/lib/lucene-misc-7.5.0.jar:/home/helen/Downloads/elasticsearch-6.5.4/lib/jackson-dataformat-yaml-2.8.11.jar:/home/helen/Downloads/elasticsearch-6.5.4/lib/lucene-core-7.5.0.jar:/home/helen/Downloads/elasticsearch-6.5.4/lib/lucene-highlighter-7.5.0.jar:/home/helen/Downloads/elasticsearch-6.5.4/lib/lucene-suggest-7.5.0.jar:/home/helen/Downloads/elasticsearch-6.5.4/lib/elasticsearch-launchers-6.5.4.jar:/home/helen/Downloads/elasticsearch-6.5.4/lib/jackson-core-2.8.11.jar:/home/helen/Downloads/elasticsearch-6.5.4/lib/log4j-core-2.11.1.jar:/home/helen/Downloads/elasticsearch-6.5.4/lib/elasticsearch-cli-6.5.4.jar:/home/helen/Downloads/elasticsearch-6.5.4/lib/lucene-grouping-7.5.0.jar:/home/helen/Downloads/elasticsearch-6.5.4/lib/lucene-analyzers-common-7.5.0.jar:/home/helen/Downloads/elasticsearch-6.5.4/lib/log4j-api-2.11.1.jar:/home/helen/Downloads/elasticsearch-6.5.4/lib/jna-4.5.1.jar:/home/helen/Downloads/elasticsearch-6.5.4/lib/lucene-memory-7.5.0.jar:/home/helen/Downloads/elasticsearch-6.5.4/lib/lucene-spatial3d-7.5.0.jar:/home/helen/Downloads/elasticsearch-6.5.4/lib/lucene-queryparser-7.5.0.jar:/home/helen/Downloads/elasticsearch-6.5.4/lib/jts-core-1.15.0.jar:/home/helen/Downloads/elasticsearch-6.5.4/lib/hppc-0.7.1.jar:/home/helen/Downloads/elasticsearch-6.5.4/lib/log4j-1.2-api-2.11.1.jar:/home/helen/Downloads/elast
Launcher Type: SUN_STANDARD

Logging:
Log output configuration:
#0: stdout all=warning uptime,level,tags
#1: stderr all=off uptime,level,tags
#2: file=logs/gc.log gc+ref=info,gc+ref+start=info,gc+compaction=info,safepoint=info,gc+metaspace+alloc=info,gc+metaspace=info,gc+metaspace+freelist=info,gc+metaspace+freelist+blocks=info,gc+heap+exit=info,gc+cpu=info,gc+task+time=info,gc+task+thread=info,gc+jni=info,gc+stringdedup=info,gc+marking+start=info,gc+remset+exit=info,gc+remset=info,gc+mmu=info,gc+ihop=info,gc+phases+task=info,gc+phases+ref=info,gc+verify+start=info,gc+ergo+ihop=info,gc+refine=info,gc+ergo+refine=info,gc+stats=info,gc+ergo+cset=info,gc+humongous=info,gc+stringtable=info,gc+task+stats=info,gc+heap+region=info,gc+ergo+heap=info,gc+marking=info,gc+phases+verify=info,gc+phases+verify+start=info,gc+phases=info,gc+phases+start=info,gc+survivor=info,gc+state=info,gc+promotion=info,gc+plab=info,gc+verify=info,gc+alloc=info,gc+liveness=info,gc+classhisto+start=info,gc+start=info,gc+classhisto=info,gc+barrier=info,gc+bot=info,gc+freelist+census=info,gc+freelist+stats=info,gc+region=info,gc+heap+coops=info,gc+heap=info,gc+age=trace,gc+ergo=info,gc+task=info,gc+freelist=info,gc=info,gc+tlab=info utctime,pid,tags filecount=32,filesize=64M

Environment Variables:
PATH=/usr/local/sbin:/usr/local/bin:/usr/sbin:/usr/bin:/sbin:/bin:/usr/games:/usr/local/games:/snap/bin
USERNAME=helen
SHELL=/bin/bash
DISPLAY=:0

Signal Handlers:
SIGSEGV: [libjvm.so+0xd28b70], sa_mask[0]=11111111011111111101111111111110, sa_flags=SA_RESTART|SA_SIGINFO
SIGBUS: [libjvm.so+0xd28b70], sa_mask[0]=11111111011111111101111111111110, sa_flags=SA_RESTART|SA_SIGINFO
SIGFPE: [libjvm.so+0xd28b70], sa_mask[0]=11111111011111111101111111111110, sa_flags=SA_RESTART|SA_SIGINFO
SIGPIPE: [libjvm.so+0xb2a1f0], sa_mask[0]=11111111011111111101111111111110, sa_flags=SA_RESTART|SA_SIGINFO
SIGXFSZ: [libjvm.so+0xb2a1f0], sa_mask[0]=11111111011111111101111111111110, sa_flags=SA_RESTART|SA_SIGINFO
SIGILL: [libjvm.so+0xd28b70], sa_mask[0]=11111111011111111101111111111110, sa_flags=SA_RESTART|SA_SIGINFO
SIGUSR2: [libjvm.so+0xb2a030], sa_mask[0]=00000000000000000000000000000000, sa_flags=SA_RESTART|SA_SIGINFO
SIGHUP: SIG_DFL, sa_mask[0]=00000000000000000000000000000000, sa_flags=none
SIGINT: SIG_DFL, sa_mask[0]=00000000000000000000000000000000, sa_flags=none
SIGTERM: SIG_DFL, sa_mask[0]=00000000000000000000000000000000, sa_flags=none
SIGQUIT: SIG_DFL, sa_mask[0]=00000000000000000000000000000000, sa_flags=none


---------------  S Y S T E M  ---------------

OS:DISTRIB_ID=Ubuntu
DISTRIB_RELEASE=18.04
DISTRIB_CODENAME=bionic
DISTRIB_DESCRIPTION="Ubuntu 18.04.1 LTS"
uname:Linux 4.15.0-43-generic #46-Ubuntu SMP Thu Dec 6 14:45:28 UTC 2018 x86_64
libc:glibc 2.27 NPTL 2.27 
rlimit: STACK 8192k, CORE 0k, NPROC 7386, NOFILE 4096, AS infinity, DATA infinity, FSIZE infinity
load average:0.61 1.24 1.02

/proc/meminfo:
MemTotal:        1951364 kB
MemFree:           54164 kB
MemAvailable:      61620 kB
Buffers:            4152 kB
Cached:           170308 kB
SwapCached:        14104 kB
Active:           749500 kB
Inactive:         507764 kB
Active(anon):     690848 kB
Inactive(anon):   448036 kB
Active(file):      58652 kB
Inactive(file):    59728 kB
Unevictable:          16 kB
Mlocked:              16 kB
SwapTotal:        969960 kB
SwapFree:              0 kB
Dirty:               232 kB
Writeback:             0 kB
AnonPages:       1069704 kB
Mapped:           156348 kB
Shmem:             55900 kB
Slab:             111580 kB
SReclaimable:      40564 kB
SUnreclaim:        71016 kB
KernelStack:       15776 kB
PageTables:        59640 kB
NFS_Unstable:          0 kB
Bounce:                0 kB
WritebackTmp:          0 kB
CommitLimit:     1945640 kB
Committed_AS:    7145408 kB
VmallocTotal:   34359738367 kB
VmallocUsed:           0 kB
VmallocChunk:          0 kB
HardwareCorrupted:     0 kB
AnonHugePages:         0 kB
ShmemHugePages:        0 kB
ShmemPmdMapped:        0 kB
CmaTotal:              0 kB
CmaFree:               0 kB
HugePages_Total:       0
HugePages_Free:        0
HugePages_Rsvd:        0
HugePages_Surp:        0
Hugepagesize:       2048 kB
DirectMap4k:      182144 kB
DirectMap2M:     1914880 kB
DirectMap1G:           0 kB

container (cgroup) information:
container_type: cgroupv1
cpu_cpuset_cpus: 0-1
cpu_memory_nodes: 0
active_processor_count: 2
cpu_quota: -1
cpu_period: 100000
cpu_shares: -1
memory_limit_in_bytes: -1
memory_and_swap_limit_in_bytes: -2
memory_soft_limit_in_bytes: -1
memory_usage_in_bytes: 1280225280
memory_max_usage_in_bytes: 34004992


CPU:total 2 (initial active 2) (2 cores per cpu, 1 threads per core) family 6 model 158 stepping 9, cmov, cx8, fxsr, mmx, sse, sse2, sse3, ssse3, sse4.1, sse4.2, popcnt, avx, avx2, aes, clmul, erms, 3dnowpref, lzcnt, tsc, tscinvbit, bmi1, bmi2, adx, fma
CPU Model and flags from /proc/cpuinfo:
model name	: Intel(R) Core(TM) i5-7300HQ CPU @ 2.50GHz
flags		: fpu vme de pse tsc msr pae mce cx8 apic sep mtrr pge mca cmov pat pse36 clflush mmx fxsr sse sse2 ss ht syscall nx pdpe1gb rdtscp lm constant_tsc arch_perfmon nopl xtopology tsc_reliable nonstop_tsc cpuid pni pclmulqdq ssse3 fma cx16 pcid sse4_1 sse4_2 x2apic movbe popcnt tsc_deadline_timer aes xsave avx f16c rdrand hypervisor lahf_lm abm 3dnowprefetch cpuid_fault invpcid_single pti ibrs ibpb stibp fsgsbase tsc_adjust bmi1 avx2 smep bmi2 invpcid mpx rdseed adx smap clflushopt xsaveopt xsavec xsaves arat arch_capabilities

Memory: 4k page, physical 1951364k(54668k free), swap 969960k(0k free)

vm_info: OpenJDK 64-Bit Server VM (10.0.2+13-Ubuntu-1ubuntu0.18.04.4) for linux-amd64 JRE (10.0.2+13-Ubuntu-1ubuntu0.18.04.4), built on Nov 13 2018 12:53:39 by "buildd" with gcc 7.3.0

END.
