#
# There is insufficient memory for the Java Runtime Environment to continue.
# Native memory allocation (mmap) failed to map 899284992 bytes for committing reserved memory.
# Possible reasons:
#   The system is out of physical RAM or swap space
#   The process is running with CompressedOops enabled, and the Java Heap may be blocking the growth of the native heap
# Possible solutions:
#   Reduce memory load on the system
#   Increase physical memory or swap space
#   Check if swap backing store is full
#   Decrease Java heap size (-Xmx/-Xms)
#   Decrease number of Java threads
#   Decrease Java thread stack sizes (-Xss)
#   Set larger code cache with -XX:ReservedCodeCacheSize=
# This output file may be truncated or incomplete.
#
#  Out of Memory Error (os_linux.cpp:2706), pid=3059, tid=3115
#
# JRE version:  (10.0.2+13) (build )
# Java VM: OpenJDK 64-Bit Server VM (10.0.2+13-Ubuntu-1ubuntu0.18.04.4, mixed mode, aot, tiered, compressed oops, concurrent mark sweep gc, linux-amd64)
# Core dump will be written. Default location: Core dumps may be processed with "/usr/share/apport/apport %p %s %c %d %P" (or dumping to /home/helen/Downloads/elasticsearch-6.5.4/core.3059)
#

---------------  S U M M A R Y ------------

Command Line: -Xms1g -Xmx1g -XX:+UseConcMarkSweepGC -XX:CMSInitiatingOccupancyFraction=75 -XX:+UseCMSInitiatingOccupancyOnly -XX:+AlwaysPreTouch -Xss1m -Djava.awt.headless=true -Dfile.encoding=UTF-8 -Djna.nosys=true -XX:-OmitStackTraceInFastThrow -Dio.netty.noUnsafe=true -Dio.netty.noKeySetOptimization=true -Dio.netty.recycler.maxCapacityPerThread=0 -Dlog4j.shutdownHookEnabled=false -Dlog4j2.disable.jmx=true -Djava.io.tmpdir=/tmp/elasticsearch.ElcB2jiZ -XX:+HeapDumpOnOutOfMemoryError -XX:HeapDumpPath=data -XX:ErrorFile=logs/hs_err_pid%p.log -Xlog:gc*,gc+age=trace,safepoint:file=logs/gc.log:utctime,pid,tags:filecount=32,filesize=64m -Djava.locale.providers=COMPAT -XX:UseAVX=2 -Des.path.home=/home/helen/Downloads/elasticsearch-6.5.4 -Des.path.conf=/home/helen/Downloads/elasticsearch-6.5.4/config -Des.distribution.flavor=default -Des.distribution.type=tar org.elasticsearch.bootstrap.Elasticsearch

Host: Intel(R) Core(TM) i5-7300HQ CPU @ 2.50GHz, 2 cores, 1G, Ubuntu 18.04.1 LTS
Time: Mon Jan 14 16:34:03 2019 CST elapsed time: 0 seconds (0d 0h 0m 0s)

---------------  T H R E A D  ---------------

Current thread (0x00007f8fe8014000):  JavaThread "Unknown thread" [_thread_in_vm, id=3115, stack(0x00007f8ff178b000,0x00007f8ff188c000)]

Stack: [0x00007f8ff178b000,0x00007f8ff188c000],  sp=0x00007f8ff188a3a0,  free space=1020k
Native frames: (J=compiled Java code, A=aot compiled Java code, j=interpreted, Vv=VM code, C=native code)
V  [libjvm.so+0xd27ea4]
V  [libjvm.so+0xd28a4b]
V  [libjvm.so+0x64d415]
V  [libjvm.so+0xb2d672]
V  [libjvm.so+0xb25d4f]
V  [libjvm.so+0xd1f63b]
V  [libjvm.so+0x7b2645]
V  [libjvm.so+0x526709]
V  [libjvm.so+0x63220b]
V  [libjvm.so+0x7b373f]
V  [libjvm.so+0x79149f]
V  [libjvm.so+0x5aa15f]
V  [libjvm.so+0xce5dc2]
V  [libjvm.so+0xce60c6]
V  [libjvm.so+0x807d57]
V  [libjvm.so+0xcc7ac4]
V  [libjvm.so+0x8601b1]  JNI_CreateJavaVM+0x51
C  [libjli.so+0x3d83]
C  [libjli.so+0x89dd]
C  [libpthread.so.0+0x76db]  start_thread+0xdb


---------------  P R O C E S S  ---------------

Threads class SMR info:
_java_thread_list=0x000055eb6273ed00, length=0, elements={
}

Java Threads: ( => current thread )

Other Threads:
  0x00007f8fe801b000 GCTaskThread "GC Thread#0" [stack: 0x00007f8fed8b3000,0x00007f8fed9b3000] [id=3116]
  0x00007f8fe8027000 GCTaskThread "GC Thread#1" [stack: 0x00007f8fed7b1000,0x00007f8fed8b1000] [id=3117]

=>0x00007f8fe8014000 (exited) JavaThread "Unknown thread" [_thread_in_vm, id=3115, stack(0x00007f8ff178b000,0x00007f8ff188c000)]

Threads with active compile tasks:

VM state:not at safepoint (not fully initialized)

VM Mutex/Monitor currently owned by a thread: None

Heap address: 0x00000000c0000000, size: 1024 MB, Compressed Oops mode: Non-zero based: 0x00000000c0000000
Narrow klass base: 0x0000000000000000, Narrow klass shift: 0

GC Heap History (0 events):
No events

Deoptimization events (0 events):
No events

Classes redefined (0 events):
No events

Internal exceptions (0 events):
No events

Events (0 events):
No events


Dynamic libraries:
c0000000-ca660000 rw-p 00000000 00:00 0 
55eb612d3000-55eb612d4000 r-xp 00000000 08:01 1073684                    /usr/lib/jvm/java-11-openjdk-amd64/bin/java
55eb614d4000-55eb614d5000 r--p 00001000 08:01 1073684                    /usr/lib/jvm/java-11-openjdk-amd64/bin/java
55eb614d5000-55eb614d6000 rw-p 00002000 08:01 1073684                    /usr/lib/jvm/java-11-openjdk-amd64/bin/java
55eb62727000-55eb62769000 rw-p 00000000 00:00 0                          [heap]
7f8fc0000000-7f8fc0021000 rw-p 00000000 00:00 0 
7f8fc0021000-7f8fc4000000 ---p 00000000 00:00 0 
7f8fc8000000-7f8fc8021000 rw-p 00000000 00:00 0 
7f8fc8021000-7f8fcc000000 ---p 00000000 00:00 0 
7f8fcfb25000-7f8fcfd95000 rwxp 00000000 00:00 0 
7f8fcfd95000-7f8fd00b4000 ---p 00000000 00:00 0 
7f8fd00b4000-7f8fd0324000 rwxp 00000000 00:00 0 
7f8fd0324000-7f8fd75ec000 ---p 00000000 00:00 0 
7f8fd75ec000-7f8fd785c000 rwxp 00000000 00:00 0 
7f8fd785c000-7f8fdeb25000 ---p 00000000 00:00 0 
7f8fdeb25000-7f8fe8000000 r--s 00000000 08:01 1073859                    /usr/lib/jvm/java-11-openjdk-amd64/lib/modules
7f8fe8000000-7f8fe8040000 rw-p 00000000 00:00 0 
7f8fe8040000-7f8fec000000 ---p 00000000 00:00 0 
7f8fed3ac000-7f8fed602000 rw-p 00000000 00:00 0 
7f8fed602000-7f8fed7ae000 ---p 00000000 00:00 0 
7f8fed7ae000-7f8fed7af000 rw-p 00000000 00:00 0 
7f8fed7af000-7f8fed7b0000 ---p 00000000 00:00 0 
7f8fed7b0000-7f8fed8b1000 rw-p 00000000 00:00 0 
7f8fed8b1000-7f8fed8b2000 ---p 00000000 00:00 0 
7f8fed8b2000-7f8fed9b8000 rw-p 00000000 00:00 0 
7f8fed9b8000-7f8feda9e000 ---p 00000000 00:00 0 
7f8feda9e000-7f8fedaa3000 rw-p 00000000 00:00 0 
7f8fedaa3000-7f8fedb89000 ---p 00000000 00:00 0 
7f8fedb89000-7f8fedb8e000 r-xp 00000000 08:01 1073841                    /usr/lib/jvm/java-11-openjdk-amd64/lib/libjimage.so
7f8fedb8e000-7f8fedd8d000 ---p 00005000 08:01 1073841                    /usr/lib/jvm/java-11-openjdk-amd64/lib/libjimage.so
7f8fedd8d000-7f8fedd8e000 r--p 00004000 08:01 1073841                    /usr/lib/jvm/java-11-openjdk-amd64/lib/libjimage.so
7f8fedd8e000-7f8fedd8f000 rw-p 00005000 08:01 1073841                    /usr/lib/jvm/java-11-openjdk-amd64/lib/libjimage.so
7f8fedd8f000-7f8fedd96000 r-xp 00000000 08:01 1073858                    /usr/lib/jvm/java-11-openjdk-amd64/lib/libzip.so
7f8fedd96000-7f8fedf95000 ---p 00007000 08:01 1073858                    /usr/lib/jvm/java-11-openjdk-amd64/lib/libzip.so
7f8fedf95000-7f8fedf96000 r--p 00006000 08:01 1073858                    /usr/lib/jvm/java-11-openjdk-amd64/lib/libzip.so
7f8fedf96000-7f8fedf97000 rw-p 00007000 08:01 1073858                    /usr/lib/jvm/java-11-openjdk-amd64/lib/libzip.so
7f8fedf97000-7f8fedfa2000 r-xp 00000000 08:01 923724                     /lib/x86_64-linux-gnu/libnss_files-2.27.so
7f8fedfa2000-7f8fee1a1000 ---p 0000b000 08:01 923724                     /lib/x86_64-linux-gnu/libnss_files-2.27.so
7f8fee1a1000-7f8fee1a2000 r--p 0000a000 08:01 923724                     /lib/x86_64-linux-gnu/libnss_files-2.27.so
7f8fee1a2000-7f8fee1a3000 rw-p 0000b000 08:01 923724                     /lib/x86_64-linux-gnu/libnss_files-2.27.so
7f8fee1a3000-7f8fee1a9000 rw-p 00000000 00:00 0 
7f8fee1a9000-7f8fee1c0000 r-xp 00000000 08:01 923718                     /lib/x86_64-linux-gnu/libnsl-2.27.so
7f8fee1c0000-7f8fee3bf000 ---p 00017000 08:01 923718                     /lib/x86_64-linux-gnu/libnsl-2.27.so
7f8fee3bf000-7f8fee3c0000 r--p 00016000 08:01 923718                     /lib/x86_64-linux-gnu/libnsl-2.27.so
7f8fee3c0000-7f8fee3c1000 rw-p 00017000 08:01 923718                     /lib/x86_64-linux-gnu/libnsl-2.27.so
7f8fee3c1000-7f8fee3c3000 rw-p 00000000 00:00 0 
7f8fee3c3000-7f8fee3ce000 r-xp 00000000 08:01 923735                     /lib/x86_64-linux-gnu/libnss_nis-2.27.so
7f8fee3ce000-7f8fee5cd000 ---p 0000b000 08:01 923735                     /lib/x86_64-linux-gnu/libnss_nis-2.27.so
7f8fee5cd000-7f8fee5ce000 r--p 0000a000 08:01 923735                     /lib/x86_64-linux-gnu/libnss_nis-2.27.so
7f8fee5ce000-7f8fee5cf000 rw-p 0000b000 08:01 923735                     /lib/x86_64-linux-gnu/libnss_nis-2.27.so
7f8fee5cf000-7f8fee5d7000 r-xp 00000000 08:01 923720                     /lib/x86_64-linux-gnu/libnss_compat-2.27.so
7f8fee5d7000-7f8fee7d7000 ---p 00008000 08:01 923720                     /lib/x86_64-linux-gnu/libnss_compat-2.27.so
7f8fee7d7000-7f8fee7d8000 r--p 00008000 08:01 923720                     /lib/x86_64-linux-gnu/libnss_compat-2.27.so
7f8fee7d8000-7f8fee7d9000 rw-p 00009000 08:01 923720                     /lib/x86_64-linux-gnu/libnss_compat-2.27.so
7f8fee7d9000-7f8fee805000 r-xp 00000000 08:01 1073837                    /usr/lib/jvm/java-11-openjdk-amd64/lib/libjava.so
7f8fee805000-7f8feea04000 ---p 0002c000 08:01 1073837                    /usr/lib/jvm/java-11-openjdk-amd64/lib/libjava.so
7f8feea04000-7f8feea05000 r--p 0002b000 08:01 1073837                    /usr/lib/jvm/java-11-openjdk-amd64/lib/libjava.so
7f8feea05000-7f8feea07000 rw-p 0002c000 08:01 1073837                    /usr/lib/jvm/java-11-openjdk-amd64/lib/libjava.so
7f8feea07000-7f8feea14000 r-xp 00000000 08:01 1073857                    /usr/lib/jvm/java-11-openjdk-amd64/lib/libverify.so
7f8feea14000-7f8feec13000 ---p 0000d000 08:01 1073857                    /usr/lib/jvm/java-11-openjdk-amd64/lib/libverify.so
7f8feec13000-7f8feec15000 r--p 0000c000 08:01 1073857                    /usr/lib/jvm/java-11-openjdk-amd64/lib/libverify.so
7f8feec15000-7f8feec16000 rw-p 0000e000 08:01 1073857                    /usr/lib/jvm/java-11-openjdk-amd64/lib/libverify.so
7f8feec16000-7f8feec1d000 r-xp 00000000 08:01 923775                     /lib/x86_64-linux-gnu/librt-2.27.so
7f8feec1d000-7f8feee1c000 ---p 00007000 08:01 923775                     /lib/x86_64-linux-gnu/librt-2.27.so
7f8feee1c000-7f8feee1d000 r--p 00006000 08:01 923775                     /lib/x86_64-linux-gnu/librt-2.27.so
7f8feee1d000-7f8feee1e000 rw-p 00007000 08:01 923775                     /lib/x86_64-linux-gnu/librt-2.27.so
7f8feee1e000-7f8feee35000 r-xp 00000000 08:01 923081                     /lib/x86_64-linux-gnu/libgcc_s.so.1
7f8feee35000-7f8fef034000 ---p 00017000 08:01 923081                     /lib/x86_64-linux-gnu/libgcc_s.so.1
7f8fef034000-7f8fef035000 r--p 00016000 08:01 923081                     /lib/x86_64-linux-gnu/libgcc_s.so.1
7f8fef035000-7f8fef036000 rw-p 00017000 08:01 923081                     /lib/x86_64-linux-gnu/libgcc_s.so.1
7f8fef036000-7f8fef1d3000 r-xp 00000000 08:01 923697                     /lib/x86_64-linux-gnu/libm-2.27.so
7f8fef1d3000-7f8fef3d2000 ---p 0019d000 08:01 923697                     /lib/x86_64-linux-gnu/libm-2.27.so
7f8fef3d2000-7f8fef3d3000 r--p 0019c000 08:01 923697                     /lib/x86_64-linux-gnu/libm-2.27.so
7f8fef3d3000-7f8fef3d4000 rw-p 0019d000 08:01 923697                     /lib/x86_64-linux-gnu/libm-2.27.so
7f8fef3d4000-7f8fef54d000 r-xp 00000000 08:01 1180852                    /usr/lib/x86_64-linux-gnu/libstdc++.so.6.0.25
7f8fef54d000-7f8fef74d000 ---p 00179000 08:01 1180852                    /usr/lib/x86_64-linux-gnu/libstdc++.so.6.0.25
7f8fef74d000-7f8fef757000 r--p 00179000 08:01 1180852                    /usr/lib/x86_64-linux-gnu/libstdc++.so.6.0.25
7f8fef757000-7f8fef759000 rw-p 00183000 08:01 1180852                    /usr/lib/x86_64-linux-gnu/libstdc++.so.6.0.25
7f8fef759000-7f8fef75d000 rw-p 00000000 00:00 0 
7f8fef75d000-7f8ff06fa000 r-xp 00000000 08:01 1073864                    /usr/lib/jvm/java-11-openjdk-amd64/lib/server/libjvm.so
7f8ff06fa000-7f8ff08fa000 ---p 00f9d000 08:01 1073864                    /usr/lib/jvm/java-11-openjdk-amd64/lib/server/libjvm.so
7f8ff08fa000-7f8ff09be000 r--p 00f9d000 08:01 1073864                    /usr/lib/jvm/java-11-openjdk-amd64/lib/server/libjvm.so
7f8ff09be000-7f8ff09f6000 rw-p 01061000 08:01 1073864                    /usr/lib/jvm/java-11-openjdk-amd64/lib/server/libjvm.so
7f8ff09f6000-7f8ff0a3f000 rw-p 00000000 00:00 0 
7f8ff0a3f000-7f8ff0a59000 r-xp 00000000 08:01 923767                     /lib/x86_64-linux-gnu/libpthread-2.27.so
7f8ff0a59000-7f8ff0c58000 ---p 0001a000 08:01 923767                     /lib/x86_64-linux-gnu/libpthread-2.27.so
7f8ff0c58000-7f8ff0c59000 r--p 00019000 08:01 923767                     /lib/x86_64-linux-gnu/libpthread-2.27.so
7f8ff0c59000-7f8ff0c5a000 rw-p 0001a000 08:01 923767                     /lib/x86_64-linux-gnu/libpthread-2.27.so
7f8ff0c5a000-7f8ff0c5e000 rw-p 00000000 00:00 0 
7f8ff0c5e000-7f8ff0c61000 r-xp 00000000 08:01 923657                     /lib/x86_64-linux-gnu/libdl-2.27.so
7f8ff0c61000-7f8ff0e60000 ---p 00003000 08:01 923657                     /lib/x86_64-linux-gnu/libdl-2.27.so
7f8ff0e60000-7f8ff0e61000 r--p 00002000 08:01 923657                     /lib/x86_64-linux-gnu/libdl-2.27.so
7f8ff0e61000-7f8ff0e62000 rw-p 00003000 08:01 923657                     /lib/x86_64-linux-gnu/libdl-2.27.so
7f8ff0e62000-7f8ff0e7e000 r-xp 00000000 08:01 923806                     /lib/x86_64-linux-gnu/libz.so.1.2.11
7f8ff0e7e000-7f8ff107d000 ---p 0001c000 08:01 923806                     /lib/x86_64-linux-gnu/libz.so.1.2.11
7f8ff107d000-7f8ff107e000 r--p 0001b000 08:01 923806                     /lib/x86_64-linux-gnu/libz.so.1.2.11
7f8ff107e000-7f8ff107f000 rw-p 0001c000 08:01 923806                     /lib/x86_64-linux-gnu/libz.so.1.2.11
7f8ff107f000-7f8ff1266000 r-xp 00000000 08:01 923634                     /lib/x86_64-linux-gnu/libc-2.27.so
7f8ff1266000-7f8ff1466000 ---p 001e7000 08:01 923634                     /lib/x86_64-linux-gnu/libc-2.27.so
7f8ff1466000-7f8ff146a000 r--p 001e7000 08:01 923634                     /lib/x86_64-linux-gnu/libc-2.27.so
7f8ff146a000-7f8ff146c000 rw-p 001eb000 08:01 923634                     /lib/x86_64-linux-gnu/libc-2.27.so
7f8ff146c000-7f8ff1470000 rw-p 00000000 00:00 0 
7f8ff1470000-7f8ff147f000 r-xp 00000000 08:01 1073822                    /usr/lib/jvm/java-11-openjdk-amd64/lib/jli/libjli.so
7f8ff147f000-7f8ff167e000 ---p 0000f000 08:01 1073822                    /usr/lib/jvm/java-11-openjdk-amd64/lib/jli/libjli.so
7f8ff167e000-7f8ff167f000 r--p 0000e000 08:01 1073822                    /usr/lib/jvm/java-11-openjdk-amd64/lib/jli/libjli.so
7f8ff167f000-7f8ff1680000 rw-p 0000f000 08:01 1073822                    /usr/lib/jvm/java-11-openjdk-amd64/lib/jli/libjli.so
7f8ff1680000-7f8ff16a7000 r-xp 00000000 08:01 923606                     /lib/x86_64-linux-gnu/ld-2.27.so
7f8ff178b000-7f8ff178f000 ---p 00000000 00:00 0 
7f8ff178f000-7f8ff188e000 rw-p 00000000 00:00 0 
7f8ff188f000-7f8ff1894000 rw-p 00000000 00:00 0 
7f8ff1894000-7f8ff189b000 ---p 00000000 00:00 0 
7f8ff189b000-7f8ff18a3000 rw-s 00000000 08:01 1070318                    /tmp/hsperfdata_helen/3059
7f8ff18a3000-7f8ff18a4000 ---p 00000000 00:00 0 
7f8ff18a4000-7f8ff18a5000 r--p 00000000 00:00 0 
7f8ff18a5000-7f8ff18a7000 rw-p 00000000 00:00 0 
7f8ff18a7000-7f8ff18a8000 r--p 00027000 08:01 923606                     /lib/x86_64-linux-gnu/ld-2.27.so
7f8ff18a8000-7f8ff18a9000 rw-p 00028000 08:01 923606                     /lib/x86_64-linux-gnu/ld-2.27.so
7f8ff18a9000-7f8ff18aa000 rw-p 00000000 00:00 0 
7ffef4804000-7ffef4826000 rw-p 00000000 00:00 0                          [stack]
7ffef48cb000-7ffef48ce000 r--p 00000000 00:00 0                          [vvar]
7ffef48ce000-7ffef48d0000 r-xp 00000000 00:00 0                          [vdso]
ffffffffff600000-ffffffffff601000 r-xp 00000000 00:00 0                  [vsyscall]


VM Arguments:
jvm_args: -Xms1g -Xmx1g -XX:+UseConcMarkSweepGC -XX:CMSInitiatingOccupancyFraction=75 -XX:+UseCMSInitiatingOccupancyOnly -XX:+AlwaysPreTouch -Xss1m -Djava.awt.headless=true -Dfile.encoding=UTF-8 -Djna.nosys=true -XX:-OmitStackTraceInFastThrow -Dio.netty.noUnsafe=true -Dio.netty.noKeySetOptimization=true -Dio.netty.recycler.maxCapacityPerThread=0 -Dlog4j.shutdownHookEnabled=false -Dlog4j2.disable.jmx=true -Djava.io.tmpdir=/tmp/elasticsearch.ElcB2jiZ -XX:+HeapDumpOnOutOfMemoryError -XX:HeapDumpPath=data -XX:ErrorFile=logs/hs_err_pid%p.log -Xlog:gc*,gc+age=trace,safepoint:file=logs/gc.log:utctime,pid,tags:filecount=32,filesize=64m -Djava.locale.providers=COMPAT -XX:UseAVX=2 -Des.path.home=/home/helen/Downloads/elasticsearch-6.5.4 -Des.path.conf=/home/helen/Downloads/elasticsearch-6.5.4/config -Des.distribution.flavor=default -Des.distribution.type=tar 
java_command: org.elasticsearch.bootstrap.Elasticsearch
java_class_path (initial): /home/helen/Downloads/elasticsearch-6.5.4/lib/HdrHistogram-2.1.9.jar:/home/helen/Downloads/elasticsearch-6.5.4/lib/jackson-dataformat-smile-2.8.11.jar:/home/helen/Downloads/elasticsearch-6.5.4/lib/jopt-simple-5.0.2.jar:/home/helen/Downloads/elasticsearch-6.5.4/lib/lucene-spatial-extras-7.5.0.jar:/home/helen/Downloads/elasticsearch-6.5.4/lib/elasticsearch-core-6.5.4.jar:/home/helen/Downloads/elasticsearch-6.5.4/lib/lucene-join-7.5.0.jar:/home/helen/Downloads/elasticsearch-6.5.4/lib/lucene-backward-codecs-7.5.0.jar:/home/helen/Downloads/elasticsearch-6.5.4/lib/plugin-classloader-6.5.4.jar:/home/helen/Downloads/elasticsearch-6.5.4/lib/lucene-misc-7.5.0.jar:/home/helen/Downloads/elasticsearch-6.5.4/lib/jackson-dataformat-yaml-2.8.11.jar:/home/helen/Downloads/elasticsearch-6.5.4/lib/lucene-core-7.5.0.jar:/home/helen/Downloads/elasticsearch-6.5.4/lib/lucene-highlighter-7.5.0.jar:/home/helen/Downloads/elasticsearch-6.5.4/lib/lucene-suggest-7.5.0.jar:/home/helen/Downloads/elasticsearch-6.5.4/lib/elasticsearch-launchers-6.5.4.jar:/home/helen/Downloads/elasticsearch-6.5.4/lib/jackson-core-2.8.11.jar:/home/helen/Downloads/elasticsearch-6.5.4/lib/log4j-core-2.11.1.jar:/home/helen/Downloads/elasticsearch-6.5.4/lib/elasticsearch-cli-6.5.4.jar:/home/helen/Downloads/elasticsearch-6.5.4/lib/lucene-grouping-7.5.0.jar:/home/helen/Downloads/elasticsearch-6.5.4/lib/lucene-analyzers-common-7.5.0.jar:/home/helen/Downloads/elasticsearch-6.5.4/lib/log4j-api-2.11.1.jar:/home/helen/Downloads/elasticsearch-6.5.4/lib/jna-4.5.1.jar:/home/helen/Downloads/elasticsearch-6.5.4/lib/lucene-memory-7.5.0.jar:/home/helen/Downloads/elasticsearch-6.5.4/lib/lucene-spatial3d-7.5.0.jar:/home/helen/Downloads/elasticsearch-6.5.4/lib/lucene-queryparser-7.5.0.jar:/home/helen/Downloads/elasticsearch-6.5.4/lib/jts-core-1.15.0.jar:/home/helen/Downloads/elasticsearch-6.5.4/lib/hppc-0.7.1.jar:/home/helen/Downloads/elasticsearch-6.5.4/lib/log4j-1.2-api-2.11.1.jar:/home/helen/Downloads/elast
Launcher Type: SUN_STANDARD

Logging:
Log output configuration:
#0: stdout all=warning uptime,level,tags
#1: stderr all=off uptime,level,tags
#2: file=logs/gc.log gc+ref=info,gc+ref+start=info,gc+compaction=info,safepoint=info,gc+metaspace+alloc=info,gc+metaspace=info,gc+metaspace+freelist=info,gc+metaspace+freelist+blocks=info,gc+heap+exit=info,gc+cpu=info,gc+task+time=info,gc+task+thread=info,gc+jni=info,gc+stringdedup=info,gc+marking+start=info,gc+remset+exit=info,gc+remset=info,gc+mmu=info,gc+ihop=info,gc+phases+task=info,gc+phases+ref=info,gc+verify+start=info,gc+ergo+ihop=info,gc+refine=info,gc+ergo+refine=info,gc+stats=info,gc+ergo+cset=info,gc+humongous=info,gc+stringtable=info,gc+task+stats=info,gc+heap+region=info,gc+ergo+heap=info,gc+marking=info,gc+phases+verify=info,gc+phases+verify+start=info,gc+phases=info,gc+phases+start=info,gc+survivor=info,gc+state=info,gc+promotion=info,gc+plab=info,gc+verify=info,gc+alloc=info,gc+liveness=info,gc+classhisto+start=info,gc+start=info,gc+classhisto=info,gc+barrier=info,gc+bot=info,gc+freelist+census=info,gc+freelist+stats=info,gc+region=info,gc+heap+coops=info,gc+heap=info,gc+age=trace,gc+ergo=info,gc+task=info,gc+freelist=info,gc=info,gc+tlab=info utctime,pid,tags filecount=32,filesize=64M

Environment Variables:
PATH=/usr/local/sbin:/usr/local/bin:/usr/sbin:/usr/bin:/sbin:/bin:/usr/games:/usr/local/games:/snap/bin
USERNAME=helen
SHELL=/bin/bash
DISPLAY=:0

Signal Handlers:
SIGSEGV: [libjvm.so+0xd28b70], sa_mask[0]=11111111011111111101111111111110, sa_flags=SA_RESTART|SA_SIGINFO
SIGBUS: [libjvm.so+0xd28b70], sa_mask[0]=11111111011111111101111111111110, sa_flags=SA_RESTART|SA_SIGINFO
SIGFPE: [libjvm.so+0xd28b70], sa_mask[0]=11111111011111111101111111111110, sa_flags=SA_RESTART|SA_SIGINFO
SIGPIPE: [libjvm.so+0xb2a1f0], sa_mask[0]=11111111011111111101111111111110, sa_flags=SA_RESTART|SA_SIGINFO
SIGXFSZ: [libjvm.so+0xb2a1f0], sa_mask[0]=11111111011111111101111111111110, sa_flags=SA_RESTART|SA_SIGINFO
SIGILL: [libjvm.so+0xd28b70], sa_mask[0]=11111111011111111101111111111110, sa_flags=SA_RESTART|SA_SIGINFO
SIGUSR2: [libjvm.so+0xb2a030], sa_mask[0]=00000000000000000000000000000000, sa_flags=SA_RESTART|SA_SIGINFO
SIGHUP: SIG_DFL, sa_mask[0]=00000000000000000000000000000000, sa_flags=none
SIGINT: SIG_DFL, sa_mask[0]=00000000000000000000000000000000, sa_flags=none
SIGTERM: SIG_DFL, sa_mask[0]=00000000000000000000000000000000, sa_flags=none
SIGQUIT: SIG_DFL, sa_mask[0]=00000000000000000000000000000000, sa_flags=none


---------------  S Y S T E M  ---------------

OS:DISTRIB_ID=Ubuntu
DISTRIB_RELEASE=18.04
DISTRIB_CODENAME=bionic
DISTRIB_DESCRIPTION="Ubuntu 18.04.1 LTS"
uname:Linux 4.15.0-43-generic #46-Ubuntu SMP Thu Dec 6 14:45:28 UTC 2018 x86_64
libc:glibc 2.27 NPTL 2.27 
rlimit: STACK 8192k, CORE 0k, NPROC 7386, NOFILE 4096, AS infinity, DATA infinity, FSIZE infinity
load average:0.25 0.66 0.38

/proc/meminfo:
MemTotal:        1951364 kB
MemFree:           62552 kB
MemAvailable:     307788 kB
Buffers:           22120 kB
Cached:           430312 kB
SwapCached:        13432 kB
Active:           818728 kB
Inactive:         469952 kB
Active(anon):     642988 kB
Inactive(anon):   295064 kB
Active(file):     175740 kB
Inactive(file):   174888 kB
Unevictable:          16 kB
Mlocked:              16 kB
SwapTotal:        969960 kB
SwapFree:         319976 kB
Dirty:               428 kB
Writeback:           504 kB
AnonPages:        824044 kB
Mapped:           337280 kB
Shmem:            101604 kB
Slab:             117524 kB
SReclaimable:      51632 kB
SUnreclaim:        65892 kB
KernelStack:       13896 kB
PageTables:        52916 kB
NFS_Unstable:          0 kB
Bounce:                0 kB
WritebackTmp:          0 kB
CommitLimit:     1945640 kB
Committed_AS:    5889044 kB
VmallocTotal:   34359738367 kB
VmallocUsed:           0 kB
VmallocChunk:          0 kB
HardwareCorrupted:     0 kB
AnonHugePages:         0 kB
ShmemHugePages:        0 kB
ShmemPmdMapped:        0 kB
CmaTotal:              0 kB
CmaFree:               0 kB
HugePages_Total:       0
HugePages_Free:        0
HugePages_Rsvd:        0
HugePages_Surp:        0
Hugepagesize:       2048 kB
DirectMap4k:      151424 kB
DirectMap2M:     1945600 kB
DirectMap1G:           0 kB

container (cgroup) information:
container_type: cgroupv1
cpu_cpuset_cpus: 0-1
cpu_memory_nodes: 0
active_processor_count: 2
cpu_quota: -1
cpu_period: 100000
cpu_shares: -1
memory_limit_in_bytes: -1
memory_and_swap_limit_in_bytes: -2
memory_soft_limit_in_bytes: -1
memory_usage_in_bytes: 1308495872
memory_max_usage_in_bytes: 0


CPU:total 2 (initial active 2) (2 cores per cpu, 1 threads per core) family 6 model 158 stepping 9, cmov, cx8, fxsr, mmx, sse, sse2, sse3, ssse3, sse4.1, sse4.2, popcnt, avx, avx2, aes, clmul, erms, 3dnowpref, lzcnt, tsc, tscinvbit, bmi1, bmi2, adx, fma
CPU Model and flags from /proc/cpuinfo:
model name	: Intel(R) Core(TM) i5-7300HQ CPU @ 2.50GHz
flags		: fpu vme de pse tsc msr pae mce cx8 apic sep mtrr pge mca cmov pat pse36 clflush mmx fxsr sse sse2 ss ht syscall nx pdpe1gb rdtscp lm constant_tsc arch_perfmon nopl xtopology tsc_reliable nonstop_tsc cpuid pni pclmulqdq ssse3 fma cx16 pcid sse4_1 sse4_2 x2apic movbe popcnt tsc_deadline_timer aes xsave avx f16c rdrand hypervisor lahf_lm abm 3dnowprefetch cpuid_fault invpcid_single pti ibrs ibpb stibp fsgsbase tsc_adjust bmi1 avx2 smep bmi2 invpcid mpx rdseed adx smap clflushopt xsaveopt xsavec xsaves arat arch_capabilities

Memory: 4k page, physical 1951364k(62552k free), swap 969960k(319976k free)

vm_info: OpenJDK 64-Bit Server VM (10.0.2+13-Ubuntu-1ubuntu0.18.04.4) for linux-amd64 JRE (10.0.2+13-Ubuntu-1ubuntu0.18.04.4), built on Nov 13 2018 12:53:39 by "buildd" with gcc 7.3.0

END.
